[0.892s] Invoking command in '/home/ywt/FlyControl/ros2_fc/src/drone_control': PYTHONPATH=/home/ywt/FlyControl/ros2_fc/build/drone_control/prefix_override:/usr/lib/python3/dist-packages/colcon_core/task/python/colcon_distutils_commands:/home/ywt/FlyControl/ros2_fc/install/drone_control/lib/python3.10/site-packages:${PYTHONPATH} /usr/bin/python3 -W ignore:setup.py install is deprecated -W ignore:easy_install command is deprecated setup.py egg_info --egg-base ../../build/drone_control build --build-base /home/ywt/FlyControl/ros2_fc/build/drone_control/build install --record /home/ywt/FlyControl/ros2_fc/build/drone_control/install.log --single-version-externally-managed install_data
[1.204s] running egg_info
[1.206s] writing ../../build/drone_control/drone_control.egg-info/PKG-INFO
[1.206s] writing dependency_links to ../../build/drone_control/drone_control.egg-info/dependency_links.txt
[1.206s] writing entry points to ../../build/drone_control/drone_control.egg-info/entry_points.txt
[1.207s] writing requirements to ../../build/drone_control/drone_control.egg-info/requires.txt
[1.207s] writing top-level names to ../../build/drone_control/drone_control.egg-info/top_level.txt
[1.209s] reading manifest file '../../build/drone_control/drone_control.egg-info/SOURCES.txt'
[1.210s] writing manifest file '../../build/drone_control/drone_control.egg-info/SOURCES.txt'
[1.210s] running build
[1.211s] running build_py
[1.211s] running install
[1.211s] running install_lib
[1.213s] running install_data
[1.213s] running install_egg_info
[1.215s] removing '/home/ywt/FlyControl/ros2_fc/install/drone_control/lib/python3.10/site-packages/drone_control-0.0.0-py3.10.egg-info' (and everything under it)
[1.216s] Copying ../../build/drone_control/drone_control.egg-info to /home/ywt/FlyControl/ros2_fc/install/drone_control/lib/python3.10/site-packages/drone_control-0.0.0-py3.10.egg-info
[1.219s] running install_scripts
[1.249s] Installing talker script to /home/ywt/FlyControl/ros2_fc/install/drone_control/lib/drone_control
[1.249s] writing list of installed files to '/home/ywt/FlyControl/ros2_fc/build/drone_control/install.log'
[1.281s] Invoked command in '/home/ywt/FlyControl/ros2_fc/src/drone_control' returned '0': PYTHONPATH=/home/ywt/FlyControl/ros2_fc/build/drone_control/prefix_override:/usr/lib/python3/dist-packages/colcon_core/task/python/colcon_distutils_commands:/home/ywt/FlyControl/ros2_fc/install/drone_control/lib/python3.10/site-packages:${PYTHONPATH} /usr/bin/python3 -W ignore:setup.py install is deprecated -W ignore:easy_install command is deprecated setup.py egg_info --egg-base ../../build/drone_control build --build-base /home/ywt/FlyControl/ros2_fc/build/drone_control/build install --record /home/ywt/FlyControl/ros2_fc/build/drone_control/install.log --single-version-externally-managed install_data
