[2.081s] Invoking command in '/home/ywt/FlyControl/ros2_fc/build/drone_control': PYTHONPATH=/home/ywt/FlyControl/ros2_fc/build/drone_control/prefix_override:/usr/lib/python3/dist-packages/colcon_core/task/python/colcon_distutils_commands:/home/ywt/FlyControl/ros2_fc/install/drone_control/lib/python3.10/site-packages:${PYTHONPATH} /usr/bin/python3 -W ignore:setup.py install is deprecated -W ignore:easy_install command is deprecated setup.py develop --editable --build-directory /home/ywt/FlyControl/ros2_fc/build/drone_control/build --no-deps symlink_data
[2.490s] running develop
[2.745s] running egg_info
[2.745s] writing drone_control.egg-info/PKG-INFO
[2.746s] writing dependency_links to drone_control.egg-info/dependency_links.txt
[2.746s] writing entry points to drone_control.egg-info/entry_points.txt
[2.746s] writing requirements to drone_control.egg-info/requires.txt
[2.746s] writing top-level names to drone_control.egg-info/top_level.txt
[2.749s] reading manifest file 'drone_control.egg-info/SOURCES.txt'
[2.750s] writing manifest file 'drone_control.egg-info/SOURCES.txt'
[2.752s] running build_ext
[2.753s] Creating /home/ywt/FlyControl/ros2_fc/install/drone_control/lib/python3.10/site-packages/drone-control.egg-link (link to .)
[2.754s] Installing drone_state_monitor script to /home/ywt/FlyControl/ros2_fc/install/drone_control/lib/drone_control
[2.754s] Installing gazebo_sim_interface script to /home/ywt/FlyControl/ros2_fc/install/drone_control/lib/drone_control
[2.755s] Installing px4_offboard script to /home/ywt/FlyControl/ros2_fc/install/drone_control/lib/drone_control
[2.755s] Installing talker script to /home/ywt/FlyControl/ros2_fc/install/drone_control/lib/drone_control
[2.756s] 
[2.756s] Installed /home/ywt/FlyControl/ros2_fc/build/drone_control
[2.756s] running symlink_data
[2.796s] Invoked command in '/home/ywt/FlyControl/ros2_fc/build/drone_control' returned '0': PYTHONPATH=/home/ywt/FlyControl/ros2_fc/build/drone_control/prefix_override:/usr/lib/python3/dist-packages/colcon_core/task/python/colcon_distutils_commands:/home/ywt/FlyControl/ros2_fc/install/drone_control/lib/python3.10/site-packages:${PYTHONPATH} /usr/bin/python3 -W ignore:setup.py install is deprecated -W ignore:easy_install command is deprecated setup.py develop --editable --build-directory /home/ywt/FlyControl/ros2_fc/build/drone_control/build --no-deps symlink_data
