[1.055s] Invoking command in '/home/ywt/FlyControl/ros2_fc/build/drone_control': PYTHONPATH=/home/ywt/FlyControl/ros2_fc/build/drone_control/prefix_override:/usr/lib/python3/dist-packages/colcon_core/task/python/colcon_distutils_commands:/home/ywt/FlyControl/ros2_fc/install/drone_control/lib/python3.10/site-packages:${PYTHONPATH} /usr/bin/python3 -W ignore:setup.py install is deprecated -W ignore:easy_install command is deprecated setup.py develop --editable --build-directory /home/ywt/FlyControl/ros2_fc/build/drone_control/build --no-deps symlink_data --force
[1.406s] running develop
[1.615s] running egg_info
[1.615s] writing drone_control.egg-info/PKG-INFO
[1.616s] writing dependency_links to drone_control.egg-info/dependency_links.txt
[1.617s] writing entry points to drone_control.egg-info/entry_points.txt
[1.617s] writing requirements to drone_control.egg-info/requires.txt
[1.617s] writing top-level names to drone_control.egg-info/top_level.txt
[1.620s] reading manifest file 'drone_control.egg-info/SOURCES.txt'
[1.621s] writing manifest file 'drone_control.egg-info/SOURCES.txt'
[1.624s] running build_ext
[1.624s] Creating /home/ywt/FlyControl/ros2_fc/install/drone_control/lib/python3.10/site-packages/drone-control.egg-link (link to .)
[1.625s] Installing drone_state_monitor script to /home/ywt/FlyControl/ros2_fc/install/drone_control/lib/drone_control
[1.625s] Installing gazebo_sim_interface script to /home/ywt/FlyControl/ros2_fc/install/drone_control/lib/drone_control
[1.625s] Installing px4_offboard script to /home/ywt/FlyControl/ros2_fc/install/drone_control/lib/drone_control
[1.626s] Installing talker script to /home/ywt/FlyControl/ros2_fc/install/drone_control/lib/drone_control
[1.626s] 
[1.626s] Installed /home/ywt/FlyControl/ros2_fc/build/drone_control
[1.626s] running symlink_data
[1.626s] symbolically linking /home/ywt/FlyControl/ros2_fc/build/drone_control/resource/drone_control -> /home/ywt/FlyControl/ros2_fc/install/drone_control/share/ament_index/resource_index/packages
[1.627s] symbolically linking /home/ywt/FlyControl/ros2_fc/build/drone_control/package.xml -> /home/ywt/FlyControl/ros2_fc/install/drone_control/share/drone_control
[1.628s] symbolically linking /home/ywt/FlyControl/ros2_fc/build/drone_control/launch/px4_gazebo.py -> /home/ywt/FlyControl/ros2_fc/install/drone_control/share/drone_control/launch
[1.629s] symbolically linking /home/ywt/FlyControl/ros2_fc/build/drone_control/launch/px4_gazebo.launch.xml -> /home/ywt/FlyControl/ros2_fc/install/drone_control/share/drone_control/launch
[1.630s] symbolically linking /home/ywt/FlyControl/ros2_fc/build/drone_control/config/px4_config.yaml -> /home/ywt/FlyControl/ros2_fc/install/drone_control/share/drone_control/config
[1.631s] symbolically linking /home/ywt/FlyControl/ros2_fc/build/drone_control/worlds/empty_world.world -> /home/ywt/FlyControl/ros2_fc/install/drone_control/share/drone_control/worlds
[1.665s] Invoked command in '/home/ywt/FlyControl/ros2_fc/build/drone_control' returned '0': PYTHONPATH=/home/ywt/FlyControl/ros2_fc/build/drone_control/prefix_override:/usr/lib/python3/dist-packages/colcon_core/task/python/colcon_distutils_commands:/home/ywt/FlyControl/ros2_fc/install/drone_control/lib/python3.10/site-packages:${PYTHONPATH} /usr/bin/python3 -W ignore:setup.py install is deprecated -W ignore:easy_install command is deprecated setup.py develop --editable --build-directory /home/ywt/FlyControl/ros2_fc/build/drone_control/build --no-deps symlink_data --force
