[1.936s] Invoking command in '/home/ywt/FlyControl/ros2_fc/build/drone_control': AMENT_PREFIX_PATH=/home/ywt/FlyControl/ros2_fc/install/px4_msgs:${AMENT_PREFIX_PATH} CMAKE_PREFIX_PATH=/home/ywt/FlyControl/ros2_fc/install/px4_msgs LD_LIBRARY_PATH=/home/ywt/FlyControl/ros2_fc/install/px4_msgs/lib:${LD_LIBRARY_PATH} PYTHONPATH=/home/ywt/FlyControl/ros2_fc/build/drone_control/prefix_override:/usr/lib/python3/dist-packages/colcon_core/task/python/colcon_distutils_commands:/home/ywt/FlyControl/ros2_fc/install/drone_control/lib/python3.10/site-packages:/home/ywt/FlyControl/ros2_fc/install/px4_msgs/local/lib/python3.10/dist-packages:${PYTHONPATH} /usr/bin/python3 -W ignore:setup.py install is deprecated -W ignore:easy_install command is deprecated setup.py develop --uninstall --editable --build-directory /home/ywt/FlyControl/ros2_fc/build/drone_control/build
[2.325s] running develop
[2.574s] Removing /home/ywt/FlyControl/ros2_fc/install/drone_control/lib/python3.10/site-packages/drone-control.egg-link (link to .)
[2.612s] Invoked command in '/home/ywt/FlyControl/ros2_fc/build/drone_control' returned '0': AMENT_PREFIX_PATH=/home/ywt/FlyControl/ros2_fc/install/px4_msgs:${AMENT_PREFIX_PATH} CMAKE_PREFIX_PATH=/home/ywt/FlyControl/ros2_fc/install/px4_msgs LD_LIBRARY_PATH=/home/ywt/FlyControl/ros2_fc/install/px4_msgs/lib:${LD_LIBRARY_PATH} PYTHONPATH=/home/ywt/FlyControl/ros2_fc/build/drone_control/prefix_override:/usr/lib/python3/dist-packages/colcon_core/task/python/colcon_distutils_commands:/home/ywt/FlyControl/ros2_fc/install/drone_control/lib/python3.10/site-packages:/home/ywt/FlyControl/ros2_fc/install/px4_msgs/local/lib/python3.10/dist-packages:${PYTHONPATH} /usr/bin/python3 -W ignore:setup.py install is deprecated -W ignore:easy_install command is deprecated setup.py develop --uninstall --editable --build-directory /home/ywt/FlyControl/ros2_fc/build/drone_control/build
[2.615s] Invoking command in '/home/ywt/FlyControl/ros2_fc/src/drone_control': AMENT_PREFIX_PATH=/home/ywt/FlyControl/ros2_fc/install/px4_msgs:${AMENT_PREFIX_PATH} CMAKE_PREFIX_PATH=/home/ywt/FlyControl/ros2_fc/install/px4_msgs LD_LIBRARY_PATH=/home/ywt/FlyControl/ros2_fc/install/px4_msgs/lib:${LD_LIBRARY_PATH} PYTHONPATH=/home/ywt/FlyControl/ros2_fc/build/drone_control/prefix_override:/usr/lib/python3/dist-packages/colcon_core/task/python/colcon_distutils_commands:/home/ywt/FlyControl/ros2_fc/install/drone_control/lib/python3.10/site-packages:/home/ywt/FlyControl/ros2_fc/install/px4_msgs/local/lib/python3.10/dist-packages:${PYTHONPATH} /usr/bin/python3 -W ignore:setup.py install is deprecated -W ignore:easy_install command is deprecated setup.py egg_info --egg-base ../../build/drone_control build --build-base /home/ywt/FlyControl/ros2_fc/build/drone_control/build install --record /home/ywt/FlyControl/ros2_fc/build/drone_control/install.log --single-version-externally-managed install_data --force
[2.968s] running egg_info
[2.969s] writing ../../build/drone_control/drone_control.egg-info/PKG-INFO
[2.969s] writing dependency_links to ../../build/drone_control/drone_control.egg-info/dependency_links.txt
[2.969s] writing entry points to ../../build/drone_control/drone_control.egg-info/entry_points.txt
[2.970s] writing requirements to ../../build/drone_control/drone_control.egg-info/requires.txt
[2.970s] writing top-level names to ../../build/drone_control/drone_control.egg-info/top_level.txt
[2.972s] reading manifest file '../../build/drone_control/drone_control.egg-info/SOURCES.txt'
[2.981s] writing manifest file '../../build/drone_control/drone_control.egg-info/SOURCES.txt'
[2.981s] running build
[2.981s] running build_py
[2.981s] running install
[2.982s] running install_lib
[2.983s] creating /home/ywt/FlyControl/ros2_fc/install/drone_control/lib/python3.10/site-packages/drone_control
[2.984s] copying /home/ywt/FlyControl/ros2_fc/build/drone_control/build/lib/drone_control/talker.py -> /home/ywt/FlyControl/ros2_fc/install/drone_control/lib/python3.10/site-packages/drone_control
[2.984s] copying /home/ywt/FlyControl/ros2_fc/build/drone_control/build/lib/drone_control/drone_state_monitor.py -> /home/ywt/FlyControl/ros2_fc/install/drone_control/lib/python3.10/site-packages/drone_control
[2.985s] copying /home/ywt/FlyControl/ros2_fc/build/drone_control/build/lib/drone_control/gazebo_sim_interface.py -> /home/ywt/FlyControl/ros2_fc/install/drone_control/lib/python3.10/site-packages/drone_control
[2.986s] copying /home/ywt/FlyControl/ros2_fc/build/drone_control/build/lib/drone_control/px4_offboard.py -> /home/ywt/FlyControl/ros2_fc/install/drone_control/lib/python3.10/site-packages/drone_control
[2.986s] copying /home/ywt/FlyControl/ros2_fc/build/drone_control/build/lib/drone_control/__init__.py -> /home/ywt/FlyControl/ros2_fc/install/drone_control/lib/python3.10/site-packages/drone_control
[2.988s] byte-compiling /home/ywt/FlyControl/ros2_fc/install/drone_control/lib/python3.10/site-packages/drone_control/talker.py to talker.cpython-310.pyc
[2.990s] byte-compiling /home/ywt/FlyControl/ros2_fc/install/drone_control/lib/python3.10/site-packages/drone_control/drone_state_monitor.py to drone_state_monitor.cpython-310.pyc
[2.992s] byte-compiling /home/ywt/FlyControl/ros2_fc/install/drone_control/lib/python3.10/site-packages/drone_control/gazebo_sim_interface.py to gazebo_sim_interface.cpython-310.pyc
[2.993s] byte-compiling /home/ywt/FlyControl/ros2_fc/install/drone_control/lib/python3.10/site-packages/drone_control/px4_offboard.py to px4_offboard.cpython-310.pyc
[2.994s] byte-compiling /home/ywt/FlyControl/ros2_fc/install/drone_control/lib/python3.10/site-packages/drone_control/__init__.py to __init__.cpython-310.pyc
[2.994s] running install_data
[2.995s] copying resource/drone_control -> /home/ywt/FlyControl/ros2_fc/install/drone_control/share/ament_index/resource_index/packages
[2.996s] copying package.xml -> /home/ywt/FlyControl/ros2_fc/install/drone_control/share/drone_control
[2.996s] copying launch/px4_gazebo.py -> /home/ywt/FlyControl/ros2_fc/install/drone_control/share/drone_control/launch
[2.997s] copying launch/px4_gazebo.launch.xml -> /home/ywt/FlyControl/ros2_fc/install/drone_control/share/drone_control/launch
[2.997s] copying config/px4_config.yaml -> /home/ywt/FlyControl/ros2_fc/install/drone_control/share/drone_control/config
[2.998s] copying worlds/empty_world.world -> /home/ywt/FlyControl/ros2_fc/install/drone_control/share/drone_control/worlds
[2.998s] running install_egg_info
[3.001s] Copying ../../build/drone_control/drone_control.egg-info to /home/ywt/FlyControl/ros2_fc/install/drone_control/lib/python3.10/site-packages/drone_control-0.0.1-py3.10.egg-info
[3.004s] running install_scripts
[3.032s] Installing drone_state_monitor script to /home/ywt/FlyControl/ros2_fc/install/drone_control/lib/drone_control
[3.033s] Installing gazebo_sim_interface script to /home/ywt/FlyControl/ros2_fc/install/drone_control/lib/drone_control
[3.033s] Installing px4_offboard script to /home/ywt/FlyControl/ros2_fc/install/drone_control/lib/drone_control
[3.033s] Installing talker script to /home/ywt/FlyControl/ros2_fc/install/drone_control/lib/drone_control
[3.034s] writing list of installed files to '/home/ywt/FlyControl/ros2_fc/build/drone_control/install.log'
[3.065s] Invoked command in '/home/ywt/FlyControl/ros2_fc/src/drone_control' returned '0': AMENT_PREFIX_PATH=/home/ywt/FlyControl/ros2_fc/install/px4_msgs:${AMENT_PREFIX_PATH} CMAKE_PREFIX_PATH=/home/ywt/FlyControl/ros2_fc/install/px4_msgs LD_LIBRARY_PATH=/home/ywt/FlyControl/ros2_fc/install/px4_msgs/lib:${LD_LIBRARY_PATH} PYTHONPATH=/home/ywt/FlyControl/ros2_fc/build/drone_control/prefix_override:/usr/lib/python3/dist-packages/colcon_core/task/python/colcon_distutils_commands:/home/ywt/FlyControl/ros2_fc/install/drone_control/lib/python3.10/site-packages:/home/ywt/FlyControl/ros2_fc/install/px4_msgs/local/lib/python3.10/dist-packages:${PYTHONPATH} /usr/bin/python3 -W ignore:setup.py install is deprecated -W ignore:easy_install command is deprecated setup.py egg_info --egg-base ../../build/drone_control build --build-base /home/ywt/FlyControl/ros2_fc/build/drone_control/build install --record /home/ywt/FlyControl/ros2_fc/build/drone_control/install.log --single-version-externally-managed install_data --force
