[0.275s] DEBUG:colcon:Command line arguments: ['/usr/bin/colcon', 'build', '--symlink-install', '--packages-select', 'drone_control']
[0.275s] DEBUG:colcon:Parsed command line arguments: Namespace(log_base=None, log_level=None, verb_name='build', build_base='build', install_base='install', merge_install=False, symlink_install=True, test_result_base=None, continue_on_error=False, executor='parallel', parallel_workers=32, event_handlers=None, ignore_user_meta=False, metas=['./colcon.meta'], base_paths=['.'], packages_ignore=None, packages_ignore_regex=None, paths=None, packages_up_to=None, packages_up_to_regex=None, packages_above=None, packages_above_and_dependencies=None, packages_above_depth=None, packages_select_by_dep=None, packages_skip_by_dep=None, packages_skip_up_to=None, packages_select_build_failed=False, packages_skip_build_finished=False, packages_select_test_failures=False, packages_skip_test_passed=False, packages_select=['drone_control'], packages_skip=None, packages_select_regex=None, packages_skip_regex=None, packages_start=None, packages_end=None, allow_overriding=[], cmake_args=None, cmake_target=None, cmake_target_skip_unavailable=False, cmake_clean_cache=False, cmake_clean_first=False, cmake_force_configure=False, ament_cmake_args=None, catkin_cmake_args=None, catkin_skip_building_tests=False, verb_parser=<colcon_defaults.argument_parser.defaults.DefaultArgumentsDecorator object at 0x75d191c619c0>, verb_extension=<colcon_core.verb.build.BuildVerb object at 0x75d191c614e0>, main=<bound method BuildVerb.main of <colcon_core.verb.build.BuildVerb object at 0x75d191c614e0>>)
[0.517s] Level 1:colcon.colcon_core.package_discovery:discover_packages(colcon_meta) check parameters
[0.518s] Level 1:colcon.colcon_core.package_discovery:discover_packages(recursive) check parameters
[0.518s] Level 1:colcon.colcon_core.package_discovery:discover_packages(ignore) check parameters
[0.518s] Level 1:colcon.colcon_core.package_discovery:discover_packages(path) check parameters
[0.518s] Level 1:colcon.colcon_core.package_discovery:discover_packages(colcon_meta) discover
[0.518s] Level 1:colcon.colcon_core.package_discovery:discover_packages(recursive) discover
[0.518s] INFO:colcon.colcon_core.package_discovery:Crawling recursively for packages in '/home/ywt/FlyControl/ros2_fc'
[0.518s] Level 1:colcon.colcon_core.package_identification:_identify(.) by extensions ['ignore', 'ignore_ament_install']
[0.518s] Level 1:colcon.colcon_core.package_identification:_identify(.) by extension 'ignore'
[0.518s] Level 1:colcon.colcon_core.package_identification:_identify(.) by extension 'ignore_ament_install'
[0.518s] Level 1:colcon.colcon_core.package_identification:_identify(.) by extensions ['colcon_pkg']
[0.518s] Level 1:colcon.colcon_core.package_identification:_identify(.) by extension 'colcon_pkg'
[0.518s] Level 1:colcon.colcon_core.package_identification:_identify(.) by extensions ['colcon_meta']
[0.518s] Level 1:colcon.colcon_core.package_identification:_identify(.) by extension 'colcon_meta'
[0.518s] Level 1:colcon.colcon_core.package_identification:_identify(.) by extensions ['ros']
[0.518s] Level 1:colcon.colcon_core.package_identification:_identify(.) by extension 'ros'
[0.526s] Level 1:colcon.colcon_core.package_identification:_identify(.) by extensions ['cmake', 'python']
[0.526s] Level 1:colcon.colcon_core.package_identification:_identify(.) by extension 'cmake'
[0.526s] Level 1:colcon.colcon_core.package_identification:_identify(.) by extension 'python'
[0.526s] Level 1:colcon.colcon_core.package_identification:_identify(.) by extensions ['python_setup_py']
[0.526s] Level 1:colcon.colcon_core.package_identification:_identify(.) by extension 'python_setup_py'
[0.526s] Level 1:colcon.colcon_core.package_identification:_identify(build) by extensions ['ignore', 'ignore_ament_install']
[0.526s] Level 1:colcon.colcon_core.package_identification:_identify(build) by extension 'ignore'
[0.526s] Level 1:colcon.colcon_core.package_identification:_identify(build) ignored
[0.526s] Level 1:colcon.colcon_core.package_identification:_identify(config) by extensions ['ignore', 'ignore_ament_install']
[0.526s] Level 1:colcon.colcon_core.package_identification:_identify(config) by extension 'ignore'
[0.526s] Level 1:colcon.colcon_core.package_identification:_identify(config) by extension 'ignore_ament_install'
[0.526s] Level 1:colcon.colcon_core.package_identification:_identify(config) by extensions ['colcon_pkg']
[0.526s] Level 1:colcon.colcon_core.package_identification:_identify(config) by extension 'colcon_pkg'
[0.527s] Level 1:colcon.colcon_core.package_identification:_identify(config) by extensions ['colcon_meta']
[0.527s] Level 1:colcon.colcon_core.package_identification:_identify(config) by extension 'colcon_meta'
[0.527s] Level 1:colcon.colcon_core.package_identification:_identify(config) by extensions ['ros']
[0.527s] Level 1:colcon.colcon_core.package_identification:_identify(config) by extension 'ros'
[0.527s] Level 1:colcon.colcon_core.package_identification:_identify(config) by extensions ['cmake', 'python']
[0.527s] Level 1:colcon.colcon_core.package_identification:_identify(config) by extension 'cmake'
[0.527s] Level 1:colcon.colcon_core.package_identification:_identify(config) by extension 'python'
[0.527s] Level 1:colcon.colcon_core.package_identification:_identify(config) by extensions ['python_setup_py']
[0.527s] Level 1:colcon.colcon_core.package_identification:_identify(config) by extension 'python_setup_py'
[0.527s] Level 1:colcon.colcon_core.package_identification:_identify(install) by extensions ['ignore', 'ignore_ament_install']
[0.527s] Level 1:colcon.colcon_core.package_identification:_identify(install) by extension 'ignore'
[0.527s] Level 1:colcon.colcon_core.package_identification:_identify(install) ignored
[0.527s] Level 1:colcon.colcon_core.package_identification:_identify(log) by extensions ['ignore', 'ignore_ament_install']
[0.527s] Level 1:colcon.colcon_core.package_identification:_identify(log) by extension 'ignore'
[0.527s] Level 1:colcon.colcon_core.package_identification:_identify(log) ignored
[0.527s] Level 1:colcon.colcon_core.package_identification:_identify(results) by extensions ['ignore', 'ignore_ament_install']
[0.527s] Level 1:colcon.colcon_core.package_identification:_identify(results) by extension 'ignore'
[0.527s] Level 1:colcon.colcon_core.package_identification:_identify(results) by extension 'ignore_ament_install'
[0.527s] Level 1:colcon.colcon_core.package_identification:_identify(results) by extensions ['colcon_pkg']
[0.527s] Level 1:colcon.colcon_core.package_identification:_identify(results) by extension 'colcon_pkg'
[0.527s] Level 1:colcon.colcon_core.package_identification:_identify(results) by extensions ['colcon_meta']
[0.527s] Level 1:colcon.colcon_core.package_identification:_identify(results) by extension 'colcon_meta'
[0.527s] Level 1:colcon.colcon_core.package_identification:_identify(results) by extensions ['ros']
[0.527s] Level 1:colcon.colcon_core.package_identification:_identify(results) by extension 'ros'
[0.527s] Level 1:colcon.colcon_core.package_identification:_identify(results) by extensions ['cmake', 'python']
[0.527s] Level 1:colcon.colcon_core.package_identification:_identify(results) by extension 'cmake'
[0.527s] Level 1:colcon.colcon_core.package_identification:_identify(results) by extension 'python'
[0.527s] Level 1:colcon.colcon_core.package_identification:_identify(results) by extensions ['python_setup_py']
[0.527s] Level 1:colcon.colcon_core.package_identification:_identify(results) by extension 'python_setup_py'
[0.527s] Level 1:colcon.colcon_core.package_identification:_identify(results/no_wind_20260526_000405) by extensions ['ignore', 'ignore_ament_install']
[0.528s] Level 1:colcon.colcon_core.package_identification:_identify(results/no_wind_20260526_000405) by extension 'ignore'
[0.528s] Level 1:colcon.colcon_core.package_identification:_identify(results/no_wind_20260526_000405) by extension 'ignore_ament_install'
[0.528s] Level 1:colcon.colcon_core.package_identification:_identify(results/no_wind_20260526_000405) by extensions ['colcon_pkg']
[0.528s] Level 1:colcon.colcon_core.package_identification:_identify(results/no_wind_20260526_000405) by extension 'colcon_pkg'
[0.528s] Level 1:colcon.colcon_core.package_identification:_identify(results/no_wind_20260526_000405) by extensions ['colcon_meta']
[0.528s] Level 1:colcon.colcon_core.package_identification:_identify(results/no_wind_20260526_000405) by extension 'colcon_meta'
[0.528s] Level 1:colcon.colcon_core.package_identification:_identify(results/no_wind_20260526_000405) by extensions ['ros']
[0.528s] Level 1:colcon.colcon_core.package_identification:_identify(results/no_wind_20260526_000405) by extension 'ros'
[0.528s] Level 1:colcon.colcon_core.package_identification:_identify(results/no_wind_20260526_000405) by extensions ['cmake', 'python']
[0.528s] Level 1:colcon.colcon_core.package_identification:_identify(results/no_wind_20260526_000405) by extension 'cmake'
[0.528s] Level 1:colcon.colcon_core.package_identification:_identify(results/no_wind_20260526_000405) by extension 'python'
[0.528s] Level 1:colcon.colcon_core.package_identification:_identify(results/no_wind_20260526_000405) by extensions ['python_setup_py']
[0.528s] Level 1:colcon.colcon_core.package_identification:_identify(results/no_wind_20260526_000405) by extension 'python_setup_py'
[0.528s] Level 1:colcon.colcon_core.package_identification:_identify(results/wind_20260526_000716) by extensions ['ignore', 'ignore_ament_install']
[0.528s] Level 1:colcon.colcon_core.package_identification:_identify(results/wind_20260526_000716) by extension 'ignore'
[0.528s] Level 1:colcon.colcon_core.package_identification:_identify(results/wind_20260526_000716) by extension 'ignore_ament_install'
[0.528s] Level 1:colcon.colcon_core.package_identification:_identify(results/wind_20260526_000716) by extensions ['colcon_pkg']
[0.528s] Level 1:colcon.colcon_core.package_identification:_identify(results/wind_20260526_000716) by extension 'colcon_pkg'
[0.528s] Level 1:colcon.colcon_core.package_identification:_identify(results/wind_20260526_000716) by extensions ['colcon_meta']
[0.528s] Level 1:colcon.colcon_core.package_identification:_identify(results/wind_20260526_000716) by extension 'colcon_meta'
[0.528s] Level 1:colcon.colcon_core.package_identification:_identify(results/wind_20260526_000716) by extensions ['ros']
[0.528s] Level 1:colcon.colcon_core.package_identification:_identify(results/wind_20260526_000716) by extension 'ros'
[0.528s] Level 1:colcon.colcon_core.package_identification:_identify(results/wind_20260526_000716) by extensions ['cmake', 'python']
[0.528s] Level 1:colcon.colcon_core.package_identification:_identify(results/wind_20260526_000716) by extension 'cmake'
[0.528s] Level 1:colcon.colcon_core.package_identification:_identify(results/wind_20260526_000716) by extension 'python'
[0.528s] Level 1:colcon.colcon_core.package_identification:_identify(results/wind_20260526_000716) by extensions ['python_setup_py']
[0.528s] Level 1:colcon.colcon_core.package_identification:_identify(results/wind_20260526_000716) by extension 'python_setup_py'
[0.528s] Level 1:colcon.colcon_core.package_identification:_identify(scripts) by extensions ['ignore', 'ignore_ament_install']
[0.528s] Level 1:colcon.colcon_core.package_identification:_identify(scripts) by extension 'ignore'
[0.528s] Level 1:colcon.colcon_core.package_identification:_identify(scripts) by extension 'ignore_ament_install'
[0.528s] Level 1:colcon.colcon_core.package_identification:_identify(scripts) by extensions ['colcon_pkg']
[0.528s] Level 1:colcon.colcon_core.package_identification:_identify(scripts) by extension 'colcon_pkg'
[0.528s] Level 1:colcon.colcon_core.package_identification:_identify(scripts) by extensions ['colcon_meta']
[0.528s] Level 1:colcon.colcon_core.package_identification:_identify(scripts) by extension 'colcon_meta'
[0.528s] Level 1:colcon.colcon_core.package_identification:_identify(scripts) by extensions ['ros']
[0.529s] Level 1:colcon.colcon_core.package_identification:_identify(scripts) by extension 'ros'
[0.529s] Level 1:colcon.colcon_core.package_identification:_identify(scripts) by extensions ['cmake', 'python']
[0.529s] Level 1:colcon.colcon_core.package_identification:_identify(scripts) by extension 'cmake'
[0.529s] Level 1:colcon.colcon_core.package_identification:_identify(scripts) by extension 'python'
[0.529s] Level 1:colcon.colcon_core.package_identification:_identify(scripts) by extensions ['python_setup_py']
[0.529s] Level 1:colcon.colcon_core.package_identification:_identify(scripts) by extension 'python_setup_py'
[0.529s] Level 1:colcon.colcon_core.package_identification:_identify(scripts/__pycache__) by extensions ['ignore', 'ignore_ament_install']
[0.529s] Level 1:colcon.colcon_core.package_identification:_identify(scripts/__pycache__) by extension 'ignore'
[0.529s] Level 1:colcon.colcon_core.package_identification:_identify(scripts/__pycache__) by extension 'ignore_ament_install'
[0.529s] Level 1:colcon.colcon_core.package_identification:_identify(scripts/__pycache__) by extensions ['colcon_pkg']
[0.529s] Level 1:colcon.colcon_core.package_identification:_identify(scripts/__pycache__) by extension 'colcon_pkg'
[0.529s] Level 1:colcon.colcon_core.package_identification:_identify(scripts/__pycache__) by extensions ['colcon_meta']
[0.529s] Level 1:colcon.colcon_core.package_identification:_identify(scripts/__pycache__) by extension 'colcon_meta'
[0.529s] Level 1:colcon.colcon_core.package_identification:_identify(scripts/__pycache__) by extensions ['ros']
[0.529s] Level 1:colcon.colcon_core.package_identification:_identify(scripts/__pycache__) by extension 'ros'
[0.529s] Level 1:colcon.colcon_core.package_identification:_identify(scripts/__pycache__) by extensions ['cmake', 'python']
[0.529s] Level 1:colcon.colcon_core.package_identification:_identify(scripts/__pycache__) by extension 'cmake'
[0.529s] Level 1:colcon.colcon_core.package_identification:_identify(scripts/__pycache__) by extension 'python'
[0.529s] Level 1:colcon.colcon_core.package_identification:_identify(scripts/__pycache__) by extensions ['python_setup_py']
[0.529s] Level 1:colcon.colcon_core.package_identification:_identify(scripts/__pycache__) by extension 'python_setup_py'
[0.529s] Level 1:colcon.colcon_core.package_identification:_identify(src) by extensions ['ignore', 'ignore_ament_install']
[0.529s] Level 1:colcon.colcon_core.package_identification:_identify(src) by extension 'ignore'
[0.529s] Level 1:colcon.colcon_core.package_identification:_identify(src) by extension 'ignore_ament_install'
[0.529s] Level 1:colcon.colcon_core.package_identification:_identify(src) by extensions ['colcon_pkg']
[0.529s] Level 1:colcon.colcon_core.package_identification:_identify(src) by extension 'colcon_pkg'
[0.529s] Level 1:colcon.colcon_core.package_identification:_identify(src) by extensions ['colcon_meta']
[0.529s] Level 1:colcon.colcon_core.package_identification:_identify(src) by extension 'colcon_meta'
[0.529s] Level 1:colcon.colcon_core.package_identification:_identify(src) by extensions ['ros']
[0.529s] Level 1:colcon.colcon_core.package_identification:_identify(src) by extension 'ros'
[0.529s] Level 1:colcon.colcon_core.package_identification:_identify(src) by extensions ['cmake', 'python']
[0.529s] Level 1:colcon.colcon_core.package_identification:_identify(src) by extension 'cmake'
[0.530s] Level 1:colcon.colcon_core.package_identification:_identify(src) by extension 'python'
[0.530s] Level 1:colcon.colcon_core.package_identification:_identify(src) by extensions ['python_setup_py']
[0.530s] Level 1:colcon.colcon_core.package_identification:_identify(src) by extension 'python_setup_py'
[0.530s] Level 1:colcon.colcon_core.package_identification:_identify(src/drone_control) by extensions ['ignore', 'ignore_ament_install']
[0.530s] Level 1:colcon.colcon_core.package_identification:_identify(src/drone_control) by extension 'ignore'
[0.530s] Level 1:colcon.colcon_core.package_identification:_identify(src/drone_control) by extension 'ignore_ament_install'
[0.530s] Level 1:colcon.colcon_core.package_identification:_identify(src/drone_control) by extensions ['colcon_pkg']
[0.530s] Level 1:colcon.colcon_core.package_identification:_identify(src/drone_control) by extension 'colcon_pkg'
[0.530s] Level 1:colcon.colcon_core.package_identification:_identify(src/drone_control) by extensions ['colcon_meta']
[0.530s] Level 1:colcon.colcon_core.package_identification:_identify(src/drone_control) by extension 'colcon_meta'
[0.530s] Level 1:colcon.colcon_core.package_identification:_identify(src/drone_control) by extensions ['ros']
[0.530s] Level 1:colcon.colcon_core.package_identification:_identify(src/drone_control) by extension 'ros'
[0.532s] DEBUG:colcon.colcon_core.package_identification:Package 'src/drone_control' with type 'ros.ament_python' and name 'drone_control'
[0.532s] Level 1:colcon.colcon_core.package_identification:_identify(src/px4_msgs) by extensions ['ignore', 'ignore_ament_install']
[0.532s] Level 1:colcon.colcon_core.package_identification:_identify(src/px4_msgs) by extension 'ignore'
[0.532s] Level 1:colcon.colcon_core.package_identification:_identify(src/px4_msgs) by extension 'ignore_ament_install'
[0.532s] Level 1:colcon.colcon_core.package_identification:_identify(src/px4_msgs) by extensions ['colcon_pkg']
[0.532s] Level 1:colcon.colcon_core.package_identification:_identify(src/px4_msgs) by extension 'colcon_pkg'
[0.532s] Level 1:colcon.colcon_core.package_identification:_identify(src/px4_msgs) by extensions ['colcon_meta']
[0.532s] Level 1:colcon.colcon_core.package_identification:_identify(src/px4_msgs) by extension 'colcon_meta'
[0.532s] Level 1:colcon.colcon_core.package_identification:_identify(src/px4_msgs) by extensions ['ros']
[0.532s] Level 1:colcon.colcon_core.package_identification:_identify(src/px4_msgs) by extension 'ros'
[0.533s] DEBUG:colcon.colcon_core.package_identification:Package 'src/px4_msgs' with type 'ros.ament_cmake' and name 'px4_msgs'
[0.533s] Level 1:colcon.colcon_core.package_discovery:discover_packages(recursive) using defaults
[0.533s] Level 1:colcon.colcon_core.package_discovery:discover_packages(ignore) discover
[0.533s] Level 1:colcon.colcon_core.package_discovery:discover_packages(ignore) using defaults
[0.533s] Level 1:colcon.colcon_core.package_discovery:discover_packages(path) discover
[0.533s] Level 1:colcon.colcon_core.package_discovery:discover_packages(path) using defaults
[0.555s] INFO:colcon.colcon_core.package_selection:Skipping not selected package 'px4_msgs' in 'src/px4_msgs'
[0.555s] Level 1:colcon.colcon_core.package_discovery:discover_packages(prefix_path) check parameters
[0.555s] Level 1:colcon.colcon_core.package_discovery:discover_packages(prefix_path) discover
[0.558s] DEBUG:colcon.colcon_installed_package_information.package_discovery:Found 2 installed packages in /home/ywt/FlyControl/ros2_fc/install
[0.559s] DEBUG:colcon.colcon_installed_package_information.package_discovery:Found 319 installed packages in /opt/ros/humble
[0.560s] Level 1:colcon.colcon_core.package_discovery:discover_packages(prefix_path) using defaults
[0.583s] Level 5:colcon.colcon_core.verb:set package 'drone_control' build argument 'cmake_args' from command line to 'None'
[0.583s] Level 5:colcon.colcon_core.verb:set package 'drone_control' build argument 'cmake_target' from command line to 'None'
[0.583s] Level 5:colcon.colcon_core.verb:set package 'drone_control' build argument 'cmake_target_skip_unavailable' from command line to 'False'
[0.583s] Level 5:colcon.colcon_core.verb:set package 'drone_control' build argument 'cmake_clean_cache' from command line to 'False'
[0.583s] Level 5:colcon.colcon_core.verb:set package 'drone_control' build argument 'cmake_clean_first' from command line to 'False'
[0.583s] Level 5:colcon.colcon_core.verb:set package 'drone_control' build argument 'cmake_force_configure' from command line to 'False'
[0.583s] Level 5:colcon.colcon_core.verb:set package 'drone_control' build argument 'ament_cmake_args' from command line to 'None'
[0.583s] Level 5:colcon.colcon_core.verb:set package 'drone_control' build argument 'catkin_cmake_args' from command line to 'None'
[0.583s] Level 5:colcon.colcon_core.verb:set package 'drone_control' build argument 'catkin_skip_building_tests' from command line to 'False'
[0.583s] DEBUG:colcon.colcon_core.verb:Building package 'drone_control' with the following arguments: {'ament_cmake_args': None, 'build_base': '/home/ywt/FlyControl/ros2_fc/build/drone_control', 'catkin_cmake_args': None, 'catkin_skip_building_tests': False, 'cmake_args': None, 'cmake_clean_cache': False, 'cmake_clean_first': False, 'cmake_force_configure': False, 'cmake_target': None, 'cmake_target_skip_unavailable': False, 'install_base': '/home/ywt/FlyControl/ros2_fc/install/drone_control', 'merge_install': False, 'path': '/home/ywt/FlyControl/ros2_fc/src/drone_control', 'symlink_install': True, 'test_result_base': None}
[0.583s] INFO:colcon.colcon_core.executor:Executing jobs using 'parallel' executor
[0.584s] DEBUG:colcon.colcon_parallel_executor.executor.parallel:run_until_complete
[0.584s] INFO:colcon.colcon_ros.task.ament_python.build:Building ROS package in '/home/ywt/FlyControl/ros2_fc/src/drone_control' with build type 'ament_python'
[0.584s] Level 1:colcon.colcon_core.shell:create_environment_hook('drone_control', 'ament_prefix_path')
[0.588s] INFO:colcon.colcon_core.plugin_system:Skipping extension 'colcon_core.shell.bat': Not used on non-Windows systems
[0.588s] INFO:colcon.colcon_core.shell:Creating environment hook '/home/ywt/FlyControl/ros2_fc/install/drone_control/share/drone_control/hook/ament_prefix_path.ps1'
[0.589s] INFO:colcon.colcon_core.shell:Creating environment descriptor '/home/ywt/FlyControl/ros2_fc/install/drone_control/share/drone_control/hook/ament_prefix_path.dsv'
[0.589s] INFO:colcon.colcon_core.shell:Creating environment hook '/home/ywt/FlyControl/ros2_fc/install/drone_control/share/drone_control/hook/ament_prefix_path.sh'
[0.590s] INFO:colcon.colcon_core.shell:Skip shell extension 'powershell' for command environment: Not usable outside of PowerShell
[0.590s] DEBUG:colcon.colcon_core.shell:Skip shell extension 'dsv' for command environment
[30.744s] INFO:colcon.colcon_core.task.python.build:Building Python package in '/home/ywt/FlyControl/ros2_fc/src/drone_control'
[30.744s] INFO:colcon.colcon_core.shell:Skip shell extension 'powershell' for command environment: Not usable outside of PowerShell
[30.744s] DEBUG:colcon.colcon_core.shell:Skip shell extension 'dsv' for command environment
[64.996s] DEBUG:colcon.colcon_core.event_handler.log_command:Invoking command in '/home/ywt/FlyControl/ros2_fc/build/drone_control': PYTHONPATH=/home/ywt/FlyControl/ros2_fc/build/drone_control/prefix_override:/usr/lib/python3/dist-packages/colcon_core/task/python/colcon_distutils_commands:/home/ywt/FlyControl/ros2_fc/install/drone_control/lib/python3.10/site-packages:${PYTHONPATH} /usr/bin/python3 -W ignore:setup.py install is deprecated -W ignore:easy_install command is deprecated setup.py develop --editable --build-directory /home/ywt/FlyControl/ros2_fc/build/drone_control/build --no-deps symlink_data
[95.019s] Level 1:colcon.colcon_core.shell:create_environment_hook('drone_control', 'pythonpath_develop')
[95.019s] INFO:colcon.colcon_core.shell:Creating environment hook '/home/ywt/FlyControl/ros2_fc/build/drone_control/share/drone_control/hook/pythonpath_develop.ps1'
[95.020s] DEBUG:colcon.colcon_core.event_handler.log_command:Invoked command in '/home/ywt/FlyControl/ros2_fc/build/drone_control' returned '0': PYTHONPATH=/home/ywt/FlyControl/ros2_fc/build/drone_control/prefix_override:/usr/lib/python3/dist-packages/colcon_core/task/python/colcon_distutils_commands:/home/ywt/FlyControl/ros2_fc/install/drone_control/lib/python3.10/site-packages:${PYTHONPATH} /usr/bin/python3 -W ignore:setup.py install is deprecated -W ignore:easy_install command is deprecated setup.py develop --editable --build-directory /home/ywt/FlyControl/ros2_fc/build/drone_control/build --no-deps symlink_data
[95.020s] INFO:colcon.colcon_core.shell:Creating environment descriptor '/home/ywt/FlyControl/ros2_fc/build/drone_control/share/drone_control/hook/pythonpath_develop.dsv'
[95.020s] INFO:colcon.colcon_core.shell:Creating environment hook '/home/ywt/FlyControl/ros2_fc/build/drone_control/share/drone_control/hook/pythonpath_develop.sh'
[95.025s] Level 1:colcon.colcon_core.environment:checking '/home/ywt/FlyControl/ros2_fc/install/drone_control' for CMake module files
[95.026s] Level 1:colcon.colcon_core.environment:checking '/home/ywt/FlyControl/ros2_fc/install/drone_control' for CMake config files
[95.026s] Level 1:colcon.colcon_core.environment:checking '/home/ywt/FlyControl/ros2_fc/install/drone_control/lib'
[95.026s] Level 1:colcon.colcon_core.environment:checking '/home/ywt/FlyControl/ros2_fc/install/drone_control/bin'
[95.026s] Level 1:colcon.colcon_core.environment:checking '/home/ywt/FlyControl/ros2_fc/install/drone_control/lib/pkgconfig/drone_control.pc'
[95.026s] Level 1:colcon.colcon_core.environment:checking '/home/ywt/FlyControl/ros2_fc/install/drone_control/lib/python3.10/site-packages'
[95.027s] Level 1:colcon.colcon_core.shell:create_environment_hook('drone_control', 'pythonpath')
[95.027s] INFO:colcon.colcon_core.shell:Creating environment hook '/home/ywt/FlyControl/ros2_fc/install/drone_control/share/drone_control/hook/pythonpath.ps1'
[95.027s] INFO:colcon.colcon_core.shell:Creating environment descriptor '/home/ywt/FlyControl/ros2_fc/install/drone_control/share/drone_control/hook/pythonpath.dsv'
[95.027s] INFO:colcon.colcon_core.shell:Creating environment hook '/home/ywt/FlyControl/ros2_fc/install/drone_control/share/drone_control/hook/pythonpath.sh'
[95.027s] Level 1:colcon.colcon_core.environment:checking '/home/ywt/FlyControl/ros2_fc/install/drone_control/bin'
[95.027s] Level 1:colcon.colcon_core.environment:create_environment_scripts_only(drone_control)
[95.028s] INFO:colcon.colcon_core.shell:Creating package script '/home/ywt/FlyControl/ros2_fc/install/drone_control/share/drone_control/package.ps1'
[95.028s] INFO:colcon.colcon_core.shell:Creating package descriptor '/home/ywt/FlyControl/ros2_fc/install/drone_control/share/drone_control/package.dsv'
[95.029s] INFO:colcon.colcon_core.shell:Creating package script '/home/ywt/FlyControl/ros2_fc/install/drone_control/share/drone_control/package.sh'
[95.029s] INFO:colcon.colcon_core.shell:Creating package script '/home/ywt/FlyControl/ros2_fc/install/drone_control/share/drone_control/package.bash'
[95.030s] INFO:colcon.colcon_core.shell:Creating package script '/home/ywt/FlyControl/ros2_fc/install/drone_control/share/drone_control/package.zsh'
[95.031s] Level 1:colcon.colcon_core.environment:create_file_with_runtime_dependencies(/home/ywt/FlyControl/ros2_fc/install/drone_control/share/colcon-core/packages/drone_control)
[95.031s] DEBUG:colcon.colcon_parallel_executor.executor.parallel:closing loop
[95.031s] DEBUG:colcon.colcon_parallel_executor.executor.parallel:loop closed
[95.031s] DEBUG:colcon.colcon_parallel_executor.executor.parallel:run_until_complete finished with '0'
[95.031s] DEBUG:colcon.colcon_core.event_reactor:joining thread
[95.122s] INFO:colcon.colcon_core.plugin_system:Skipping extension 'colcon_notification.desktop_notification.notify_send': Could not find 'notify-send'
[95.122s] INFO:colcon.colcon_core.plugin_system:Skipping extension 'colcon_notification.desktop_notification.terminal_notifier': Not used on non-Darwin systems
[95.122s] INFO:colcon.colcon_core.plugin_system:Skipping extension 'colcon_notification.desktop_notification.win32': Not used on non-Windows systems
[95.122s] INFO:colcon.colcon_notification.desktop_notification:Sending desktop notification using 'notify2'
[95.122s] DEBUG:colcon.colcon_notification.desktop_notification.notify2:Failed to initialize notify2: org.freedesktop.DBus.Error.AccessDenied: Failed to connect to socket /run/user/1000/bus: Operation not permitted
[95.122s] DEBUG:colcon.colcon_core.event_reactor:joined thread
[95.123s] INFO:colcon.colcon_core.shell:Creating prefix script '/home/ywt/FlyControl/ros2_fc/install/local_setup.ps1'
[95.124s] INFO:colcon.colcon_core.shell:Creating prefix util module '/home/ywt/FlyControl/ros2_fc/install/_local_setup_util_ps1.py'
[95.124s] INFO:colcon.colcon_core.shell:Creating prefix chain script '/home/ywt/FlyControl/ros2_fc/install/setup.ps1'
[95.125s] INFO:colcon.colcon_core.shell:Creating prefix script '/home/ywt/FlyControl/ros2_fc/install/local_setup.sh'
[95.126s] INFO:colcon.colcon_core.shell:Creating prefix util module '/home/ywt/FlyControl/ros2_fc/install/_local_setup_util_sh.py'
[95.126s] INFO:colcon.colcon_core.shell:Creating prefix chain script '/home/ywt/FlyControl/ros2_fc/install/setup.sh'
[95.127s] INFO:colcon.colcon_core.shell:Creating prefix script '/home/ywt/FlyControl/ros2_fc/install/local_setup.bash'
[95.127s] INFO:colcon.colcon_core.shell:Creating prefix chain script '/home/ywt/FlyControl/ros2_fc/install/setup.bash'
[95.128s] INFO:colcon.colcon_core.shell:Creating prefix script '/home/ywt/FlyControl/ros2_fc/install/local_setup.zsh'
[95.128s] INFO:colcon.colcon_core.shell:Creating prefix chain script '/home/ywt/FlyControl/ros2_fc/install/setup.zsh'
