[0.920s] Invoking command in '/home/ywt/FlyControl/ros2_fc/src/drone_control': PYTHONPATH=/home/ywt/FlyControl/ros2_fc/build/drone_control/prefix_override:/usr/lib/python3/dist-packages/colcon_core/task/python/colcon_distutils_commands:/home/ywt/FlyControl/ros2_fc/install/drone_control/lib/python3.10/site-packages:${PYTHONPATH} /usr/bin/python3 -W ignore:setup.py install is deprecated -W ignore:easy_install command is deprecated setup.py egg_info --egg-base ../../build/drone_control build --build-base /home/ywt/FlyControl/ros2_fc/build/drone_control/build install --record /home/ywt/FlyControl/ros2_fc/build/drone_control/install.log --single-version-externally-managed install_data
[1.245s] running egg_info
[1.246s] creating ../../build/drone_control/drone_control.egg-info
[1.247s] writing ../../build/drone_control/drone_control.egg-info/PKG-INFO
[1.247s] writing dependency_links to ../../build/drone_control/drone_control.egg-info/dependency_links.txt
[1.248s] writing entry points to ../../build/drone_control/drone_control.egg-info/entry_points.txt
[1.248s] writing requirements to ../../build/drone_control/drone_control.egg-info/requires.txt
[1.248s] writing top-level names to ../../build/drone_control/drone_control.egg-info/top_level.txt
[1.248s] writing manifest file '../../build/drone_control/drone_control.egg-info/SOURCES.txt'
[1.250s] reading manifest file '../../build/drone_control/drone_control.egg-info/SOURCES.txt'
[1.251s] writing manifest file '../../build/drone_control/drone_control.egg-info/SOURCES.txt'
[1.252s] running build
[1.252s] running build_py
[1.252s] creating /home/ywt/FlyControl/ros2_fc/build/drone_control/build
[1.252s] creating /home/ywt/FlyControl/ros2_fc/build/drone_control/build/lib
[1.253s] creating /home/ywt/FlyControl/ros2_fc/build/drone_control/build/lib/drone_control
[1.254s] copying drone_control/talker.py -> /home/ywt/FlyControl/ros2_fc/build/drone_control/build/lib/drone_control
[1.254s] copying drone_control/__init__.py -> /home/ywt/FlyControl/ros2_fc/build/drone_control/build/lib/drone_control
[1.255s] running install
[1.255s] running install_lib
[1.256s] creating /home/ywt/FlyControl/ros2_fc/install/drone_control/lib/python3.10/site-packages/drone_control
[1.257s] copying /home/ywt/FlyControl/ros2_fc/build/drone_control/build/lib/drone_control/talker.py -> /home/ywt/FlyControl/ros2_fc/install/drone_control/lib/python3.10/site-packages/drone_control
[1.257s] copying /home/ywt/FlyControl/ros2_fc/build/drone_control/build/lib/drone_control/__init__.py -> /home/ywt/FlyControl/ros2_fc/install/drone_control/lib/python3.10/site-packages/drone_control
[1.258s] byte-compiling /home/ywt/FlyControl/ros2_fc/install/drone_control/lib/python3.10/site-packages/drone_control/talker.py to talker.cpython-310.pyc
[1.259s] byte-compiling /home/ywt/FlyControl/ros2_fc/install/drone_control/lib/python3.10/site-packages/drone_control/__init__.py to __init__.cpython-310.pyc
[1.260s] running install_data
[1.260s] creating /home/ywt/FlyControl/ros2_fc/install/drone_control/share/ament_index
[1.260s] creating /home/ywt/FlyControl/ros2_fc/install/drone_control/share/ament_index/resource_index
[1.261s] creating /home/ywt/FlyControl/ros2_fc/install/drone_control/share/ament_index/resource_index/packages
[1.262s] copying resource/drone_control -> /home/ywt/FlyControl/ros2_fc/install/drone_control/share/ament_index/resource_index/packages
[1.262s] copying package.xml -> /home/ywt/FlyControl/ros2_fc/install/drone_control/share/drone_control
[1.263s] running install_egg_info
[1.265s] Copying ../../build/drone_control/drone_control.egg-info to /home/ywt/FlyControl/ros2_fc/install/drone_control/lib/python3.10/site-packages/drone_control-0.0.0-py3.10.egg-info
[1.267s] running install_scripts
[1.296s] Installing talker script to /home/ywt/FlyControl/ros2_fc/install/drone_control/lib/drone_control
[1.298s] writing list of installed files to '/home/ywt/FlyControl/ros2_fc/build/drone_control/install.log'
[1.328s] Invoked command in '/home/ywt/FlyControl/ros2_fc/src/drone_control' returned '0': PYTHONPATH=/home/ywt/FlyControl/ros2_fc/build/drone_control/prefix_override:/usr/lib/python3/dist-packages/colcon_core/task/python/colcon_distutils_commands:/home/ywt/FlyControl/ros2_fc/install/drone_control/lib/python3.10/site-packages:${PYTHONPATH} /usr/bin/python3 -W ignore:setup.py install is deprecated -W ignore:easy_install command is deprecated setup.py egg_info --egg-base ../../build/drone_control build --build-base /home/ywt/FlyControl/ros2_fc/build/drone_control/build install --record /home/ywt/FlyControl/ros2_fc/build/drone_control/install.log --single-version-externally-managed install_data
