[60.055s] Invoking command in '/home/ywt/FlyControl/ros2_fc/build/drone_control': PYTHONPATH=/home/ywt/FlyControl/ros2_fc/build/drone_control/prefix_override:/usr/lib/python3/dist-packages/colcon_core/task/python/colcon_distutils_commands:/home/ywt/FlyControl/ros2_fc/install/drone_control/lib/python3.10/site-packages:${PYTHONPATH} /usr/bin/python3 -W ignore:setup.py install is deprecated -W ignore:easy_install command is deprecated setup.py develop --editable --build-directory /home/ywt/FlyControl/ros2_fc/build/drone_control/build --no-deps symlink_data
[60.198s] running develop
[60.285s] running egg_info
[60.285s] writing drone_control.egg-info/PKG-INFO
[60.285s] writing dependency_links to drone_control.egg-info/dependency_links.txt
[60.285s] writing entry points to drone_control.egg-info/entry_points.txt
[60.285s] writing requirements to drone_control.egg-info/requires.txt
[60.285s] writing top-level names to drone_control.egg-info/top_level.txt
[60.286s] reading manifest file 'drone_control.egg-info/SOURCES.txt'
[60.287s] writing manifest file 'drone_control.egg-info/SOURCES.txt'
[60.288s] running build_ext
[60.288s] Creating /home/ywt/FlyControl/ros2_fc/install/drone_control/lib/python3.10/site-packages/drone-control.egg-link (link to .)
[60.289s] Installing drone_state_monitor script to /home/ywt/FlyControl/ros2_fc/install/drone_control/lib/drone_control
[60.290s] Installing gazebo_sim_interface script to /home/ywt/FlyControl/ros2_fc/install/drone_control/lib/drone_control
[60.290s] Installing gazebo_trajectory_visualizer script to /home/ywt/FlyControl/ros2_fc/install/drone_control/lib/drone_control
[60.290s] Installing px4_offboard script to /home/ywt/FlyControl/ros2_fc/install/drone_control/lib/drone_control
[60.290s] Installing talker script to /home/ywt/FlyControl/ros2_fc/install/drone_control/lib/drone_control
[60.290s] Installing trajectory_experiment script to /home/ywt/FlyControl/ros2_fc/install/drone_control/lib/drone_control
[60.290s] 
[60.290s] Installed /home/ywt/FlyControl/ros2_fc/build/drone_control
[60.290s] running symlink_data
[90.079s] Invoked command in '/home/ywt/FlyControl/ros2_fc/build/drone_control' returned '0': PYTHONPATH=/home/ywt/FlyControl/ros2_fc/build/drone_control/prefix_override:/usr/lib/python3/dist-packages/colcon_core/task/python/colcon_distutils_commands:/home/ywt/FlyControl/ros2_fc/install/drone_control/lib/python3.10/site-packages:${PYTHONPATH} /usr/bin/python3 -W ignore:setup.py install is deprecated -W ignore:easy_install command is deprecated setup.py develop --editable --build-directory /home/ywt/FlyControl/ros2_fc/build/drone_control/build --no-deps symlink_data
