[0.915s] DEBUG:colcon:Command line arguments: ['/usr/bin/colcon', 'build', '--symlink-install', '--packages-select', 'drone_control']
[0.916s] DEBUG:colcon:Parsed command line arguments: Namespace(log_base=None, log_level=None, verb_name='build', build_base='build', install_base='install', merge_install=False, symlink_install=True, test_result_base=None, continue_on_error=False, executor='parallel', parallel_workers=32, event_handlers=None, ignore_user_meta=False, metas=['./colcon.meta'], base_paths=['.'], packages_ignore=None, packages_ignore_regex=None, paths=None, packages_up_to=None, packages_up_to_regex=None, packages_above=None, packages_above_and_dependencies=None, packages_above_depth=None, packages_select_by_dep=None, packages_skip_by_dep=None, packages_skip_up_to=None, packages_select_build_failed=False, packages_skip_build_finished=False, packages_select_test_failures=False, packages_skip_test_passed=False, packages_select=['drone_control'], packages_skip=None, packages_select_regex=None, packages_skip_regex=None, packages_start=None, packages_end=None, allow_overriding=[], cmake_args=None, cmake_target=None, cmake_target_skip_unavailable=False, cmake_clean_cache=False, cmake_clean_first=False, cmake_force_configure=False, ament_cmake_args=None, catkin_cmake_args=None, catkin_skip_building_tests=False, verb_parser=<colcon_defaults.argument_parser.defaults.DefaultArgumentsDecorator object at 0x7e1f866610f0>, verb_extension=<colcon_core.verb.build.BuildVerb object at 0x7e1f86660ca0>, main=<bound method BuildVerb.main of <colcon_core.verb.build.BuildVerb object at 0x7e1f86660ca0>>)
[1.456s] Level 1:colcon.colcon_core.package_discovery:discover_packages(colcon_meta) check parameters
[1.456s] Level 1:colcon.colcon_core.package_discovery:discover_packages(recursive) check parameters
[1.456s] Level 1:colcon.colcon_core.package_discovery:discover_packages(ignore) check parameters
[1.456s] Level 1:colcon.colcon_core.package_discovery:discover_packages(path) check parameters
[1.456s] Level 1:colcon.colcon_core.package_discovery:discover_packages(colcon_meta) discover
[1.456s] Level 1:colcon.colcon_core.package_discovery:discover_packages(recursive) discover
[1.456s] INFO:colcon.colcon_core.package_discovery:Crawling recursively for packages in '/home/ywt/FlyControl/ros2_fc'
[1.456s] Level 1:colcon.colcon_core.package_identification:_identify(.) by extensions ['ignore', 'ignore_ament_install']
[1.457s] Level 1:colcon.colcon_core.package_identification:_identify(.) by extension 'ignore'
[1.457s] Level 1:colcon.colcon_core.package_identification:_identify(.) by extension 'ignore_ament_install'
[1.457s] Level 1:colcon.colcon_core.package_identification:_identify(.) by extensions ['colcon_pkg']
[1.457s] Level 1:colcon.colcon_core.package_identification:_identify(.) by extension 'colcon_pkg'
[1.457s] Level 1:colcon.colcon_core.package_identification:_identify(.) by extensions ['colcon_meta']
[1.457s] Level 1:colcon.colcon_core.package_identification:_identify(.) by extension 'colcon_meta'
[1.457s] Level 1:colcon.colcon_core.package_identification:_identify(.) by extensions ['ros']
[1.457s] Level 1:colcon.colcon_core.package_identification:_identify(.) by extension 'ros'
[1.478s] Level 1:colcon.colcon_core.package_identification:_identify(.) by extensions ['cmake', 'python']
[1.478s] Level 1:colcon.colcon_core.package_identification:_identify(.) by extension 'cmake'
[1.478s] Level 1:colcon.colcon_core.package_identification:_identify(.) by extension 'python'
[1.478s] Level 1:colcon.colcon_core.package_identification:_identify(.) by extensions ['python_setup_py']
[1.478s] Level 1:colcon.colcon_core.package_identification:_identify(.) by extension 'python_setup_py'
[1.479s] Level 1:colcon.colcon_core.package_identification:_identify(build) by extensions ['ignore', 'ignore_ament_install']
[1.479s] Level 1:colcon.colcon_core.package_identification:_identify(build) by extension 'ignore'
[1.479s] Level 1:colcon.colcon_core.package_identification:_identify(build) ignored
[1.479s] Level 1:colcon.colcon_core.package_identification:_identify(install) by extensions ['ignore', 'ignore_ament_install']
[1.479s] Level 1:colcon.colcon_core.package_identification:_identify(install) by extension 'ignore'
[1.479s] Level 1:colcon.colcon_core.package_identification:_identify(install) ignored
[1.480s] Level 1:colcon.colcon_core.package_identification:_identify(log) by extensions ['ignore', 'ignore_ament_install']
[1.480s] Level 1:colcon.colcon_core.package_identification:_identify(log) by extension 'ignore'
[1.480s] Level 1:colcon.colcon_core.package_identification:_identify(log) ignored
[1.480s] Level 1:colcon.colcon_core.package_identification:_identify(src) by extensions ['ignore', 'ignore_ament_install']
[1.480s] Level 1:colcon.colcon_core.package_identification:_identify(src) by extension 'ignore'
[1.480s] Level 1:colcon.colcon_core.package_identification:_identify(src) by extension 'ignore_ament_install'
[1.480s] Level 1:colcon.colcon_core.package_identification:_identify(src) by extensions ['colcon_pkg']
[1.480s] Level 1:colcon.colcon_core.package_identification:_identify(src) by extension 'colcon_pkg'
[1.480s] Level 1:colcon.colcon_core.package_identification:_identify(src) by extensions ['colcon_meta']
[1.480s] Level 1:colcon.colcon_core.package_identification:_identify(src) by extension 'colcon_meta'
[1.480s] Level 1:colcon.colcon_core.package_identification:_identify(src) by extensions ['ros']
[1.481s] Level 1:colcon.colcon_core.package_identification:_identify(src) by extension 'ros'
[1.481s] Level 1:colcon.colcon_core.package_identification:_identify(src) by extensions ['cmake', 'python']
[1.481s] Level 1:colcon.colcon_core.package_identification:_identify(src) by extension 'cmake'
[1.481s] Level 1:colcon.colcon_core.package_identification:_identify(src) by extension 'python'
[1.481s] Level 1:colcon.colcon_core.package_identification:_identify(src) by extensions ['python_setup_py']
[1.481s] Level 1:colcon.colcon_core.package_identification:_identify(src) by extension 'python_setup_py'
[1.481s] Level 1:colcon.colcon_core.package_identification:_identify(src/drone_control) by extensions ['ignore', 'ignore_ament_install']
[1.481s] Level 1:colcon.colcon_core.package_identification:_identify(src/drone_control) by extension 'ignore'
[1.481s] Level 1:colcon.colcon_core.package_identification:_identify(src/drone_control) by extension 'ignore_ament_install'
[1.481s] Level 1:colcon.colcon_core.package_identification:_identify(src/drone_control) by extensions ['colcon_pkg']
[1.481s] Level 1:colcon.colcon_core.package_identification:_identify(src/drone_control) by extension 'colcon_pkg'
[1.481s] Level 1:colcon.colcon_core.package_identification:_identify(src/drone_control) by extensions ['colcon_meta']
[1.481s] Level 1:colcon.colcon_core.package_identification:_identify(src/drone_control) by extension 'colcon_meta'
[1.482s] Level 1:colcon.colcon_core.package_identification:_identify(src/drone_control) by extensions ['ros']
[1.482s] Level 1:colcon.colcon_core.package_identification:_identify(src/drone_control) by extension 'ros'
[1.488s] DEBUG:colcon.colcon_core.package_identification:Package 'src/drone_control' with type 'ros.ament_python' and name 'drone_control'
[1.489s] Level 1:colcon.colcon_core.package_identification:_identify(src/px4_msgs) by extensions ['ignore', 'ignore_ament_install']
[1.489s] Level 1:colcon.colcon_core.package_identification:_identify(src/px4_msgs) by extension 'ignore'
[1.489s] Level 1:colcon.colcon_core.package_identification:_identify(src/px4_msgs) by extension 'ignore_ament_install'
[1.489s] Level 1:colcon.colcon_core.package_identification:_identify(src/px4_msgs) by extensions ['colcon_pkg']
[1.489s] Level 1:colcon.colcon_core.package_identification:_identify(src/px4_msgs) by extension 'colcon_pkg'
[1.489s] Level 1:colcon.colcon_core.package_identification:_identify(src/px4_msgs) by extensions ['colcon_meta']
[1.489s] Level 1:colcon.colcon_core.package_identification:_identify(src/px4_msgs) by extension 'colcon_meta'
[1.490s] Level 1:colcon.colcon_core.package_identification:_identify(src/px4_msgs) by extensions ['ros']
[1.490s] Level 1:colcon.colcon_core.package_identification:_identify(src/px4_msgs) by extension 'ros'
[1.491s] DEBUG:colcon.colcon_core.package_identification:Package 'src/px4_msgs' with type 'ros.ament_cmake' and name 'px4_msgs'
[1.491s] Level 1:colcon.colcon_core.package_discovery:discover_packages(recursive) using defaults
[1.491s] Level 1:colcon.colcon_core.package_discovery:discover_packages(ignore) discover
[1.491s] Level 1:colcon.colcon_core.package_discovery:discover_packages(ignore) using defaults
[1.491s] Level 1:colcon.colcon_core.package_discovery:discover_packages(path) discover
[1.491s] Level 1:colcon.colcon_core.package_discovery:discover_packages(path) using defaults
[1.550s] INFO:colcon.colcon_core.package_selection:Skipping not selected package 'px4_msgs' in 'src/px4_msgs'
[1.552s] Level 1:colcon.colcon_core.package_discovery:discover_packages(prefix_path) check parameters
[1.552s] Level 1:colcon.colcon_core.package_discovery:discover_packages(prefix_path) discover
[1.558s] DEBUG:colcon.colcon_installed_package_information.package_discovery:Found 2 installed packages in /home/ywt/FlyControl/ros2_fc/install
[1.561s] DEBUG:colcon.colcon_installed_package_information.package_discovery:Found 319 installed packages in /opt/ros/humble
[1.563s] Level 1:colcon.colcon_core.package_discovery:discover_packages(prefix_path) using defaults
[1.625s] Level 5:colcon.colcon_core.verb:set package 'drone_control' build argument 'cmake_args' from command line to 'None'
[1.625s] Level 5:colcon.colcon_core.verb:set package 'drone_control' build argument 'cmake_target' from command line to 'None'
[1.625s] Level 5:colcon.colcon_core.verb:set package 'drone_control' build argument 'cmake_target_skip_unavailable' from command line to 'False'
[1.625s] Level 5:colcon.colcon_core.verb:set package 'drone_control' build argument 'cmake_clean_cache' from command line to 'False'
[1.625s] Level 5:colcon.colcon_core.verb:set package 'drone_control' build argument 'cmake_clean_first' from command line to 'False'
[1.625s] Level 5:colcon.colcon_core.verb:set package 'drone_control' build argument 'cmake_force_configure' from command line to 'False'
[1.625s] Level 5:colcon.colcon_core.verb:set package 'drone_control' build argument 'ament_cmake_args' from command line to 'None'
[1.625s] Level 5:colcon.colcon_core.verb:set package 'drone_control' build argument 'catkin_cmake_args' from command line to 'None'
[1.626s] Level 5:colcon.colcon_core.verb:set package 'drone_control' build argument 'catkin_skip_building_tests' from command line to 'False'
[1.626s] DEBUG:colcon.colcon_core.verb:Building package 'drone_control' with the following arguments: {'ament_cmake_args': None, 'build_base': '/home/ywt/FlyControl/ros2_fc/build/drone_control', 'catkin_cmake_args': None, 'catkin_skip_building_tests': False, 'cmake_args': None, 'cmake_clean_cache': False, 'cmake_clean_first': False, 'cmake_force_configure': False, 'cmake_target': None, 'cmake_target_skip_unavailable': False, 'install_base': '/home/ywt/FlyControl/ros2_fc/install/drone_control', 'merge_install': False, 'path': '/home/ywt/FlyControl/ros2_fc/src/drone_control', 'symlink_install': True, 'test_result_base': None}
[1.626s] INFO:colcon.colcon_core.executor:Executing jobs using 'parallel' executor
[1.628s] DEBUG:colcon.colcon_parallel_executor.executor.parallel:run_until_complete
[1.628s] INFO:colcon.colcon_ros.task.ament_python.build:Building ROS package in '/home/ywt/FlyControl/ros2_fc/src/drone_control' with build type 'ament_python'
[1.629s] Level 1:colcon.colcon_core.shell:create_environment_hook('drone_control', 'ament_prefix_path')
[1.637s] INFO:colcon.colcon_core.plugin_system:Skipping extension 'colcon_core.shell.bat': Not used on non-Windows systems
[1.637s] INFO:colcon.colcon_core.shell:Creating environment hook '/home/ywt/FlyControl/ros2_fc/install/drone_control/share/drone_control/hook/ament_prefix_path.ps1'
[1.640s] INFO:colcon.colcon_core.shell:Creating environment descriptor '/home/ywt/FlyControl/ros2_fc/install/drone_control/share/drone_control/hook/ament_prefix_path.dsv'
[1.641s] INFO:colcon.colcon_core.shell:Creating environment hook '/home/ywt/FlyControl/ros2_fc/install/drone_control/share/drone_control/hook/ament_prefix_path.sh'
[1.643s] INFO:colcon.colcon_core.shell:Skip shell extension 'powershell' for command environment: Not usable outside of PowerShell
[1.643s] DEBUG:colcon.colcon_core.shell:Skip shell extension 'dsv' for command environment
[2.510s] INFO:colcon.colcon_core.task.python.build:Building Python package in '/home/ywt/FlyControl/ros2_fc/src/drone_control'
[2.510s] INFO:colcon.colcon_core.shell:Skip shell extension 'powershell' for command environment: Not usable outside of PowerShell
[2.510s] DEBUG:colcon.colcon_core.shell:Skip shell extension 'dsv' for command environment
[31.671s] DEBUG:colcon.colcon_core.task.python.build:While undoing a previous installation files outside the Python library path are being ignored: /home/ywt/FlyControl/ros2_fc/install/drone_control/share/ament_index/resource_index/packages/drone_control
[31.671s] DEBUG:colcon.colcon_core.task.python.build:While undoing a previous installation files outside the Python library path are being ignored: /home/ywt/FlyControl/ros2_fc/install/drone_control/share/drone_control/package.xml
[31.671s] DEBUG:colcon.colcon_core.task.python.build:While undoing a previous installation files outside the Python library path are being ignored: /home/ywt/FlyControl/ros2_fc/install/drone_control/share/drone_control/launch/px4_gazebo.py
[31.671s] DEBUG:colcon.colcon_core.task.python.build:While undoing a previous installation files outside the Python library path are being ignored: /home/ywt/FlyControl/ros2_fc/install/drone_control/share/drone_control/launch/px4_gazebo.launch.xml
[31.671s] DEBUG:colcon.colcon_core.task.python.build:While undoing a previous installation files outside the Python library path are being ignored: /home/ywt/FlyControl/ros2_fc/install/drone_control/share/drone_control/config/px4_config.yaml
[31.671s] DEBUG:colcon.colcon_core.task.python.build:While undoing a previous installation files outside the Python library path are being ignored: /home/ywt/FlyControl/ros2_fc/install/drone_control/share/drone_control/worlds/empty_world.world
[31.671s] DEBUG:colcon.colcon_core.task.python.build:While undoing a previous installation files outside the Python library path are being ignored: /home/ywt/FlyControl/ros2_fc/install/drone_control/share/drone_control/models
[31.672s] DEBUG:colcon.colcon_core.task.python.build:While undoing a previous installation files outside the Python library path are being ignored: /home/ywt/FlyControl/ros2_fc/install/drone_control/lib/drone_control/drone_state_monitor
[31.672s] DEBUG:colcon.colcon_core.task.python.build:While undoing a previous installation files outside the Python library path are being ignored: /home/ywt/FlyControl/ros2_fc/install/drone_control/lib/drone_control/gazebo_sim_interface
[31.672s] DEBUG:colcon.colcon_core.task.python.build:While undoing a previous installation files outside the Python library path are being ignored: /home/ywt/FlyControl/ros2_fc/install/drone_control/lib/drone_control/px4_offboard
[31.672s] DEBUG:colcon.colcon_core.task.python.build:While undoing a previous installation files outside the Python library path are being ignored: /home/ywt/FlyControl/ros2_fc/install/drone_control/lib/drone_control/talker
[31.679s] DEBUG:colcon.colcon_core.event_handler.log_command:Invoking command in '/home/ywt/FlyControl/ros2_fc/build/drone_control': PYTHONPATH=/home/ywt/FlyControl/ros2_fc/build/drone_control/prefix_override:/usr/lib/python3/dist-packages/colcon_core/task/python/colcon_distutils_commands:/home/ywt/FlyControl/ros2_fc/install/drone_control/lib/python3.10/site-packages:${PYTHONPATH} /usr/bin/python3 -W ignore:setup.py install is deprecated -W ignore:easy_install command is deprecated setup.py develop --editable --build-directory /home/ywt/FlyControl/ros2_fc/build/drone_control/build --no-deps symlink_data --force
[32.357s] Level 1:colcon.colcon_core.shell:create_environment_hook('drone_control', 'pythonpath_develop')
[32.358s] INFO:colcon.colcon_core.shell:Creating environment hook '/home/ywt/FlyControl/ros2_fc/build/drone_control/share/drone_control/hook/pythonpath_develop.ps1'
[32.358s] DEBUG:colcon.colcon_core.event_handler.log_command:Invoked command in '/home/ywt/FlyControl/ros2_fc/build/drone_control' returned '0': PYTHONPATH=/home/ywt/FlyControl/ros2_fc/build/drone_control/prefix_override:/usr/lib/python3/dist-packages/colcon_core/task/python/colcon_distutils_commands:/home/ywt/FlyControl/ros2_fc/install/drone_control/lib/python3.10/site-packages:${PYTHONPATH} /usr/bin/python3 -W ignore:setup.py install is deprecated -W ignore:easy_install command is deprecated setup.py develop --editable --build-directory /home/ywt/FlyControl/ros2_fc/build/drone_control/build --no-deps symlink_data --force
[32.360s] INFO:colcon.colcon_core.shell:Creating environment descriptor '/home/ywt/FlyControl/ros2_fc/build/drone_control/share/drone_control/hook/pythonpath_develop.dsv'
[32.361s] INFO:colcon.colcon_core.shell:Creating environment hook '/home/ywt/FlyControl/ros2_fc/build/drone_control/share/drone_control/hook/pythonpath_develop.sh'
[32.371s] Level 1:colcon.colcon_core.environment:checking '/home/ywt/FlyControl/ros2_fc/install/drone_control' for CMake module files
[32.372s] Level 1:colcon.colcon_core.environment:checking '/home/ywt/FlyControl/ros2_fc/install/drone_control' for CMake config files
[32.377s] Level 1:colcon.colcon_core.environment:checking '/home/ywt/FlyControl/ros2_fc/install/drone_control/lib'
[32.377s] Level 1:colcon.colcon_core.environment:checking '/home/ywt/FlyControl/ros2_fc/install/drone_control/bin'
[32.377s] Level 1:colcon.colcon_core.environment:checking '/home/ywt/FlyControl/ros2_fc/install/drone_control/lib/pkgconfig/drone_control.pc'
[32.378s] Level 1:colcon.colcon_core.environment:checking '/home/ywt/FlyControl/ros2_fc/install/drone_control/lib/python3.10/site-packages'
[32.378s] Level 1:colcon.colcon_core.shell:create_environment_hook('drone_control', 'pythonpath')
[32.378s] INFO:colcon.colcon_core.shell:Creating environment hook '/home/ywt/FlyControl/ros2_fc/install/drone_control/share/drone_control/hook/pythonpath.ps1'
[32.379s] INFO:colcon.colcon_core.shell:Creating environment descriptor '/home/ywt/FlyControl/ros2_fc/install/drone_control/share/drone_control/hook/pythonpath.dsv'
[32.380s] INFO:colcon.colcon_core.shell:Creating environment hook '/home/ywt/FlyControl/ros2_fc/install/drone_control/share/drone_control/hook/pythonpath.sh'
[32.381s] Level 1:colcon.colcon_core.environment:checking '/home/ywt/FlyControl/ros2_fc/install/drone_control/bin'
[32.381s] Level 1:colcon.colcon_core.environment:create_environment_scripts_only(drone_control)
[32.382s] INFO:colcon.colcon_core.shell:Creating package script '/home/ywt/FlyControl/ros2_fc/install/drone_control/share/drone_control/package.ps1'
[32.384s] INFO:colcon.colcon_core.shell:Creating package descriptor '/home/ywt/FlyControl/ros2_fc/install/drone_control/share/drone_control/package.dsv'
[32.385s] INFO:colcon.colcon_core.shell:Creating package script '/home/ywt/FlyControl/ros2_fc/install/drone_control/share/drone_control/package.sh'
[32.387s] INFO:colcon.colcon_core.shell:Creating package script '/home/ywt/FlyControl/ros2_fc/install/drone_control/share/drone_control/package.bash'
[32.388s] INFO:colcon.colcon_core.shell:Creating package script '/home/ywt/FlyControl/ros2_fc/install/drone_control/share/drone_control/package.zsh'
[32.389s] Level 1:colcon.colcon_core.environment:create_file_with_runtime_dependencies(/home/ywt/FlyControl/ros2_fc/install/drone_control/share/colcon-core/packages/drone_control)
[32.390s] DEBUG:colcon.colcon_parallel_executor.executor.parallel:closing loop
[32.390s] DEBUG:colcon.colcon_parallel_executor.executor.parallel:loop closed
[32.391s] DEBUG:colcon.colcon_parallel_executor.executor.parallel:run_until_complete finished with '0'
[32.391s] DEBUG:colcon.colcon_core.event_reactor:joining thread
[32.649s] INFO:colcon.colcon_core.plugin_system:Skipping extension 'colcon_notification.desktop_notification.notify_send': Could not find 'notify-send'
[32.649s] INFO:colcon.colcon_core.plugin_system:Skipping extension 'colcon_notification.desktop_notification.terminal_notifier': Not used on non-Darwin systems
[32.649s] INFO:colcon.colcon_core.plugin_system:Skipping extension 'colcon_notification.desktop_notification.win32': Not used on non-Windows systems
[32.649s] INFO:colcon.colcon_notification.desktop_notification:Sending desktop notification using 'notify2'
[32.650s] DEBUG:colcon.colcon_notification.desktop_notification.notify2:Failed to initialize notify2: org.freedesktop.DBus.Error.AccessDenied: Failed to connect to socket /run/user/1000/bus: Operation not permitted
[32.650s] DEBUG:colcon.colcon_core.event_reactor:joined thread
[32.650s] INFO:colcon.colcon_core.shell:Creating prefix script '/home/ywt/FlyControl/ros2_fc/install/local_setup.ps1'
[32.653s] INFO:colcon.colcon_core.shell:Creating prefix util module '/home/ywt/FlyControl/ros2_fc/install/_local_setup_util_ps1.py'
[32.655s] INFO:colcon.colcon_core.shell:Creating prefix chain script '/home/ywt/FlyControl/ros2_fc/install/setup.ps1'
[32.657s] INFO:colcon.colcon_core.shell:Creating prefix script '/home/ywt/FlyControl/ros2_fc/install/local_setup.sh'
[32.658s] INFO:colcon.colcon_core.shell:Creating prefix util module '/home/ywt/FlyControl/ros2_fc/install/_local_setup_util_sh.py'
[32.659s] INFO:colcon.colcon_core.shell:Creating prefix chain script '/home/ywt/FlyControl/ros2_fc/install/setup.sh'
[32.661s] INFO:colcon.colcon_core.shell:Creating prefix script '/home/ywt/FlyControl/ros2_fc/install/local_setup.bash'
[32.662s] INFO:colcon.colcon_core.shell:Creating prefix chain script '/home/ywt/FlyControl/ros2_fc/install/setup.bash'
[32.664s] INFO:colcon.colcon_core.shell:Creating prefix script '/home/ywt/FlyControl/ros2_fc/install/local_setup.zsh'
[32.666s] INFO:colcon.colcon_core.shell:Creating prefix chain script '/home/ywt/FlyControl/ros2_fc/install/setup.zsh'
