[0.019s] Invoking command in '/home/ywt/FlyControl/ros2_fc/build/px4_msgs': CMAKE_PREFIX_PATH=${CMAKE_PREFIX_PATH}:/home/ywt/FlyControl/ros2_fc/install/drone_control:/opt/ros/humble /usr/bin/cmake /home/ywt/FlyControl/ros2_fc/src/px4_msgs -DAMENT_CMAKE_SYMLINK_INSTALL=1 -DCMAKE_INSTALL_PREFIX=/home/ywt/FlyControl/ros2_fc/install/px4_msgs
[0.038s] -- Found ament_cmake: 1.3.11 (/opt/ros/humble/share/ament_cmake/cmake)
[0.222s] -- Override CMake install command with custom implementation using symlinks instead of copying resources
[0.240s] -- Found builtin_interfaces: 1.2.1 (/opt/ros/humble/share/builtin_interfaces/cmake)
[0.956s] -- Found rosidl_generator_c: 3.1.6 (/opt/ros/humble/share/rosidl_generator_c/cmake)
[0.960s] -- Found rosidl_adapter: 3.1.6 (/opt/ros/humble/share/rosidl_adapter/cmake)
[0.970s] -- Found rosidl_generator_cpp: 3.1.6 (/opt/ros/humble/share/rosidl_generator_cpp/cmake)
[0.985s] -- Using all available rosidl_typesupport_c: rosidl_typesupport_fastrtps_c;rosidl_typesupport_introspection_c
[1.004s] -- Using all available rosidl_typesupport_cpp: rosidl_typesupport_fastrtps_cpp;rosidl_typesupport_introspection_cpp
[1.022s] -- Found rosidl_default_generators: 1.2.0 (/opt/ros/humble/share/rosidl_default_generators/cmake)
[3.069s] -- Found ament_cmake_cppcheck: 0.12.12 (/opt/ros/humble/share/ament_cmake_cppcheck/cmake)
[3.070s] -- Found ament_cmake_cpplint: 0.12.12 (/opt/ros/humble/share/ament_cmake_cpplint/cmake)
[3.071s] -- Found ament_cmake_uncrustify: 0.12.12 (/opt/ros/humble/share/ament_cmake_uncrustify/cmake)
[3.073s] -- Found ament_cmake_ros: 0.10.0 (/opt/ros/humble/share/ament_cmake_ros/cmake)
[3.705s] -- Using all available rosidl_typesupport_c: rosidl_typesupport_fastrtps_c;rosidl_typesupport_introspection_c
[3.949s] -- Using all available rosidl_typesupport_cpp: rosidl_typesupport_fastrtps_cpp;rosidl_typesupport_introspection_cpp
[3.990s] -- Found python_cmake_module: 0.10.0 (/opt/ros/humble/share/python_cmake_module/cmake)
[4.026s] -- Using PYTHON_EXECUTABLE: /usr/bin/python3
[4.026s] -- Using PYTHON_INCLUDE_DIRS: /usr/include/python3.10
[4.026s] -- Using PYTHON_LIBRARIES: /usr/lib/x86_64-linux-gnu/libpython3.10.so
[4.096s] -- Found ament_cmake_flake8: 0.12.12 (/opt/ros/humble/share/ament_cmake_flake8/cmake)
[4.096s] -- Found ament_cmake_pep257: 0.12.12 (/opt/ros/humble/share/ament_cmake_pep257/cmake)
[4.184s] -- Configuring done
[4.751s] -- Generating done
[4.809s] -- Build files have been written to: /home/ywt/FlyControl/ros2_fc/build/px4_msgs
[4.836s] Invoked command in '/home/ywt/FlyControl/ros2_fc/build/px4_msgs' returned '0': CMAKE_PREFIX_PATH=${CMAKE_PREFIX_PATH}:/home/ywt/FlyControl/ros2_fc/install/drone_control:/opt/ros/humble /usr/bin/cmake /home/ywt/FlyControl/ros2_fc/src/px4_msgs -DAMENT_CMAKE_SYMLINK_INSTALL=1 -DCMAKE_INSTALL_PREFIX=/home/ywt/FlyControl/ros2_fc/install/px4_msgs
[4.839s] Invoking command in '/home/ywt/FlyControl/ros2_fc/build/px4_msgs': CMAKE_PREFIX_PATH=${CMAKE_PREFIX_PATH}:/home/ywt/FlyControl/ros2_fc/install/drone_control:/opt/ros/humble /usr/bin/cmake --build /home/ywt/FlyControl/ros2_fc/build/px4_msgs -- -j32 -l32
[5.382s] failed to create symbolic link '/home/ywt/FlyControl/ros2_fc/build/px4_msgs/ament_cmake_python/px4_msgs/px4_msgs' because existing path cannot be removed: Is a directory
[5.383s] gmake[2]: *** [CMakeFiles/ament_cmake_python_symlink_px4_msgs.dir/build.make:70: CMakeFiles/ament_cmake_python_symlink_px4_msgs] Error 1
[5.384s] gmake[1]: *** [CMakeFiles/Makefile2:421: CMakeFiles/ament_cmake_python_symlink_px4_msgs.dir/all] Error 2
[5.384s] gmake[1]: *** Waiting for unfinished jobs....
[5.421s] [35m[1mConsolidate compiler generated dependencies of target px4_msgs__rosidl_generator_c[0m
[5.425s] [  0%] Built target px4_msgs__cpp
[5.551s] [ 12%] Built target px4_msgs__rosidl_generator_c
[5.553s] gmake: *** [Makefile:146: all] Error 2
[5.559s] Invoked command in '/home/ywt/FlyControl/ros2_fc/build/px4_msgs' returned '2': CMAKE_PREFIX_PATH=${CMAKE_PREFIX_PATH}:/home/ywt/FlyControl/ros2_fc/install/drone_control:/opt/ros/humble /usr/bin/cmake --build /home/ywt/FlyControl/ros2_fc/build/px4_msgs -- -j32 -l32
