running egg_info
writing ../../build/drone_control/drone_control.egg-info/PKG-INFO
writing dependency_links to ../../build/drone_control/drone_control.egg-info/dependency_links.txt
writing entry points to ../../build/drone_control/drone_control.egg-info/entry_points.txt
writing requirements to ../../build/drone_control/drone_control.egg-info/requires.txt
writing top-level names to ../../build/drone_control/drone_control.egg-info/top_level.txt
reading manifest file '../../build/drone_control/drone_control.egg-info/SOURCES.txt'
writing manifest file '../../build/drone_control/drone_control.egg-info/SOURCES.txt'
running build
running build_py
copying drone_control/talker.py -> /home/ywt/FlyControl/ros2_fc/build/drone_control/build/lib/drone_control
copying drone_control/drone_state_monitor.py -> /home/ywt/FlyControl/ros2_fc/build/drone_control/build/lib/drone_control
copying drone_control/gazebo_sim_interface.py -> /home/ywt/FlyControl/ros2_fc/build/drone_control/build/lib/drone_control
copying drone_control/px4_offboard.py -> /home/ywt/FlyControl/ros2_fc/build/drone_control/build/lib/drone_control
running install
running install_lib
copying /home/ywt/FlyControl/ros2_fc/build/drone_control/build/lib/drone_control/talker.py -> /home/ywt/FlyControl/ros2_fc/install/drone_control/lib/python3.10/site-packages/drone_control
copying /home/ywt/FlyControl/ros2_fc/build/drone_control/build/lib/drone_control/drone_state_monitor.py -> /home/ywt/FlyControl/ros2_fc/install/drone_control/lib/python3.10/site-packages/drone_control
copying /home/ywt/FlyControl/ros2_fc/build/drone_control/build/lib/drone_control/gazebo_sim_interface.py -> /home/ywt/FlyControl/ros2_fc/install/drone_control/lib/python3.10/site-packages/drone_control
copying /home/ywt/FlyControl/ros2_fc/build/drone_control/build/lib/drone_control/px4_offboard.py -> /home/ywt/FlyControl/ros2_fc/install/drone_control/lib/python3.10/site-packages/drone_control
byte-compiling /home/ywt/FlyControl/ros2_fc/install/drone_control/lib/python3.10/site-packages/drone_control/talker.py to talker.cpython-310.pyc
byte-compiling /home/ywt/FlyControl/ros2_fc/install/drone_control/lib/python3.10/site-packages/drone_control/drone_state_monitor.py to drone_state_monitor.cpython-310.pyc
byte-compiling /home/ywt/FlyControl/ros2_fc/install/drone_control/lib/python3.10/site-packages/drone_control/gazebo_sim_interface.py to gazebo_sim_interface.cpython-310.pyc
byte-compiling /home/ywt/FlyControl/ros2_fc/install/drone_control/lib/python3.10/site-packages/drone_control/px4_offboard.py to px4_offboard.cpython-310.pyc
running install_data
copying package.xml -> /home/ywt/FlyControl/ros2_fc/install/drone_control/share/drone_control
creating /home/ywt/FlyControl/ros2_fc/install/drone_control/share/drone_control/launch
copying launch/px4_gazebo.py -> /home/ywt/FlyControl/ros2_fc/install/drone_control/share/drone_control/launch
copying launch/px4_gazebo.launch.xml -> /home/ywt/FlyControl/ros2_fc/install/drone_control/share/drone_control/launch
creating /home/ywt/FlyControl/ros2_fc/install/drone_control/share/drone_control/config
copying config/px4_config.yaml -> /home/ywt/FlyControl/ros2_fc/install/drone_control/share/drone_control/config
creating /home/ywt/FlyControl/ros2_fc/install/drone_control/share/drone_control/worlds
copying worlds/empty_world.world -> /home/ywt/FlyControl/ros2_fc/install/drone_control/share/drone_control/worlds
creating /home/ywt/FlyControl/ros2_fc/install/drone_control/share/drone_control/models
running install_egg_info
Copying ../../build/drone_control/drone_control.egg-info to /home/ywt/FlyControl/ros2_fc/install/drone_control/lib/python3.10/site-packages/drone_control-0.0.1-py3.10.egg-info
running install_scripts
Installing drone_state_monitor script to /home/ywt/FlyControl/ros2_fc/install/drone_control/lib/drone_control
Installing gazebo_sim_interface script to /home/ywt/FlyControl/ros2_fc/install/drone_control/lib/drone_control
Installing px4_offboard script to /home/ywt/FlyControl/ros2_fc/install/drone_control/lib/drone_control
Installing talker script to /home/ywt/FlyControl/ros2_fc/install/drone_control/lib/drone_control
writing list of installed files to '/home/ywt/FlyControl/ros2_fc/build/drone_control/install.log'
