[1.295s] Invoking command in '/home/ywt/FlyControl/ros2_fc/src/drone_control': PYTHONPATH=/home/ywt/FlyControl/ros2_fc/build/drone_control/prefix_override:/usr/lib/python3/dist-packages/colcon_core/task/python/colcon_distutils_commands:/home/ywt/FlyControl/ros2_fc/install/drone_control/lib/python3.10/site-packages:${PYTHONPATH} /usr/bin/python3 -W ignore:setup.py install is deprecated -W ignore:easy_install command is deprecated setup.py egg_info --egg-base ../../build/drone_control build --build-base /home/ywt/FlyControl/ros2_fc/build/drone_control/build install --record /home/ywt/FlyControl/ros2_fc/build/drone_control/install.log --single-version-externally-managed install_data
[1.684s] running egg_info
[1.685s] writing ../../build/drone_control/drone_control.egg-info/PKG-INFO
[1.685s] writing dependency_links to ../../build/drone_control/drone_control.egg-info/dependency_links.txt
[1.686s] writing entry points to ../../build/drone_control/drone_control.egg-info/entry_points.txt
[1.686s] writing requirements to ../../build/drone_control/drone_control.egg-info/requires.txt
[1.686s] writing top-level names to ../../build/drone_control/drone_control.egg-info/top_level.txt
[1.689s] reading manifest file '../../build/drone_control/drone_control.egg-info/SOURCES.txt'
[1.692s] writing manifest file '../../build/drone_control/drone_control.egg-info/SOURCES.txt'
[1.693s] running build
[1.693s] running build_py
[1.693s] copying drone_control/talker.py -> /home/ywt/FlyControl/ros2_fc/build/drone_control/build/lib/drone_control
[1.695s] copying drone_control/drone_state_monitor.py -> /home/ywt/FlyControl/ros2_fc/build/drone_control/build/lib/drone_control
[1.696s] copying drone_control/gazebo_sim_interface.py -> /home/ywt/FlyControl/ros2_fc/build/drone_control/build/lib/drone_control
[1.697s] copying drone_control/px4_offboard.py -> /home/ywt/FlyControl/ros2_fc/build/drone_control/build/lib/drone_control
[1.698s] running install
[1.699s] running install_lib
[1.700s] copying /home/ywt/FlyControl/ros2_fc/build/drone_control/build/lib/drone_control/talker.py -> /home/ywt/FlyControl/ros2_fc/install/drone_control/lib/python3.10/site-packages/drone_control
[1.701s] copying /home/ywt/FlyControl/ros2_fc/build/drone_control/build/lib/drone_control/drone_state_monitor.py -> /home/ywt/FlyControl/ros2_fc/install/drone_control/lib/python3.10/site-packages/drone_control
[1.702s] copying /home/ywt/FlyControl/ros2_fc/build/drone_control/build/lib/drone_control/gazebo_sim_interface.py -> /home/ywt/FlyControl/ros2_fc/install/drone_control/lib/python3.10/site-packages/drone_control
[1.702s] copying /home/ywt/FlyControl/ros2_fc/build/drone_control/build/lib/drone_control/px4_offboard.py -> /home/ywt/FlyControl/ros2_fc/install/drone_control/lib/python3.10/site-packages/drone_control
[1.703s] byte-compiling /home/ywt/FlyControl/ros2_fc/install/drone_control/lib/python3.10/site-packages/drone_control/talker.py to talker.cpython-310.pyc
[1.704s] byte-compiling /home/ywt/FlyControl/ros2_fc/install/drone_control/lib/python3.10/site-packages/drone_control/drone_state_monitor.py to drone_state_monitor.cpython-310.pyc
[1.708s] byte-compiling /home/ywt/FlyControl/ros2_fc/install/drone_control/lib/python3.10/site-packages/drone_control/gazebo_sim_interface.py to gazebo_sim_interface.cpython-310.pyc
[1.711s] byte-compiling /home/ywt/FlyControl/ros2_fc/install/drone_control/lib/python3.10/site-packages/drone_control/px4_offboard.py to px4_offboard.cpython-310.pyc
[1.714s] running install_data
[1.714s] copying package.xml -> /home/ywt/FlyControl/ros2_fc/install/drone_control/share/drone_control
[1.716s] creating /home/ywt/FlyControl/ros2_fc/install/drone_control/share/drone_control/launch
[1.717s] copying launch/px4_gazebo.py -> /home/ywt/FlyControl/ros2_fc/install/drone_control/share/drone_control/launch
[1.718s] copying launch/px4_gazebo.launch.xml -> /home/ywt/FlyControl/ros2_fc/install/drone_control/share/drone_control/launch
[1.719s] creating /home/ywt/FlyControl/ros2_fc/install/drone_control/share/drone_control/config
[1.720s] copying config/px4_config.yaml -> /home/ywt/FlyControl/ros2_fc/install/drone_control/share/drone_control/config
[1.721s] creating /home/ywt/FlyControl/ros2_fc/install/drone_control/share/drone_control/worlds
[1.722s] copying worlds/empty_world.world -> /home/ywt/FlyControl/ros2_fc/install/drone_control/share/drone_control/worlds
[1.723s] creating /home/ywt/FlyControl/ros2_fc/install/drone_control/share/drone_control/models
[1.724s] running install_egg_info
[1.727s] Copying ../../build/drone_control/drone_control.egg-info to /home/ywt/FlyControl/ros2_fc/install/drone_control/lib/python3.10/site-packages/drone_control-0.0.1-py3.10.egg-info
[1.731s] running install_scripts
[1.768s] Installing drone_state_monitor script to /home/ywt/FlyControl/ros2_fc/install/drone_control/lib/drone_control
[1.770s] Installing gazebo_sim_interface script to /home/ywt/FlyControl/ros2_fc/install/drone_control/lib/drone_control
[1.770s] Installing px4_offboard script to /home/ywt/FlyControl/ros2_fc/install/drone_control/lib/drone_control
[1.770s] Installing talker script to /home/ywt/FlyControl/ros2_fc/install/drone_control/lib/drone_control
[1.771s] writing list of installed files to '/home/ywt/FlyControl/ros2_fc/build/drone_control/install.log'
[1.806s] Invoked command in '/home/ywt/FlyControl/ros2_fc/src/drone_control' returned '0': PYTHONPATH=/home/ywt/FlyControl/ros2_fc/build/drone_control/prefix_override:/usr/lib/python3/dist-packages/colcon_core/task/python/colcon_distutils_commands:/home/ywt/FlyControl/ros2_fc/install/drone_control/lib/python3.10/site-packages:${PYTHONPATH} /usr/bin/python3 -W ignore:setup.py install is deprecated -W ignore:easy_install command is deprecated setup.py egg_info --egg-base ../../build/drone_control build --build-base /home/ywt/FlyControl/ros2_fc/build/drone_control/build install --record /home/ywt/FlyControl/ros2_fc/build/drone_control/install.log --single-version-externally-managed install_data
