[0.841s] Invoking command in '/home/ywt/FlyControl/ros2_fc/build/drone_control': PYTHONPATH=/home/ywt/FlyControl/ros2_fc/build/drone_control/prefix_override:/usr/lib/python3/dist-packages/colcon_core/task/python/colcon_distutils_commands:/home/ywt/FlyControl/ros2_fc/install/drone_control/lib/python3.10/site-packages:${PYTHONPATH} /usr/bin/python3 -W ignore:setup.py install is deprecated -W ignore:easy_install command is deprecated setup.py develop --editable --build-directory /home/ywt/FlyControl/ros2_fc/build/drone_control/build --no-deps symlink_data
[0.985s] running develop
[1.080s] running egg_info
[1.080s] writing drone_control.egg-info/PKG-INFO
[1.080s] writing dependency_links to drone_control.egg-info/dependency_links.txt
[1.080s] writing entry points to drone_control.egg-info/entry_points.txt
[1.080s] writing requirements to drone_control.egg-info/requires.txt
[1.080s] writing top-level names to drone_control.egg-info/top_level.txt
[1.082s] reading manifest file 'drone_control.egg-info/SOURCES.txt'
[1.083s] writing manifest file 'drone_control.egg-info/SOURCES.txt'
[1.083s] running build_ext
[1.084s] Creating /home/ywt/FlyControl/ros2_fc/install/drone_control/lib/python3.10/site-packages/drone-control.egg-link (link to .)
[1.084s] Installing drone_state_monitor script to /home/ywt/FlyControl/ros2_fc/install/drone_control/lib/drone_control
[1.085s] Installing gazebo_sim_interface script to /home/ywt/FlyControl/ros2_fc/install/drone_control/lib/drone_control
[1.085s] Installing px4_offboard script to /home/ywt/FlyControl/ros2_fc/install/drone_control/lib/drone_control
[1.085s] Installing talker script to /home/ywt/FlyControl/ros2_fc/install/drone_control/lib/drone_control
[1.085s] Installing trajectory_experiment script to /home/ywt/FlyControl/ros2_fc/install/drone_control/lib/drone_control
[1.085s] 
[1.086s] Installed /home/ywt/FlyControl/ros2_fc/build/drone_control
[1.086s] running symlink_data
[1.086s] symbolically linking /home/ywt/FlyControl/ros2_fc/build/drone_control/worlds/windy_world.world -> /home/ywt/FlyControl/ros2_fc/install/drone_control/share/drone_control/worlds
[1.103s] Invoked command in '/home/ywt/FlyControl/ros2_fc/build/drone_control' returned '0': PYTHONPATH=/home/ywt/FlyControl/ros2_fc/build/drone_control/prefix_override:/usr/lib/python3/dist-packages/colcon_core/task/python/colcon_distutils_commands:/home/ywt/FlyControl/ros2_fc/install/drone_control/lib/python3.10/site-packages:${PYTHONPATH} /usr/bin/python3 -W ignore:setup.py install is deprecated -W ignore:easy_install command is deprecated setup.py develop --editable --build-directory /home/ywt/FlyControl/ros2_fc/build/drone_control/build --no-deps symlink_data
